<?xml version="1.0" encoding="UTF-8"?>
<robot generator="Robot 5.0.1 (Python 3.9.13 on win32)" generated="20230220 11:12:57.707" rpa="true" schemaversion="3">
<suite id="s1" name="Tasks" source="d:\WORK\ROBOcorp c2\tasks.robot">
<test id="s1-t1" name="Order robots from RobotSpareBin Industries Inc" line="27">
<kw name="ask the user for some input">
<var>${csv_url}</var>
<kw name="Get Secret" library="RPA.Robocorp.Vault">
<var>${secret}</var>
<arg>url</arg>
<doc>Read a secret from the configured source, e.g. Robocorp Vault,
and return it as a ``Secret`` object.</doc>
<msg timestamp="20230220 11:13:13.660" level="INFO">Protecting keyword: RPA.Robocorp.Vault.Get Secret</msg>
<msg timestamp="20230220 11:13:13.679" level="INFO">Log level changed from NONE to INFO.</msg>
<status status="PASS" starttime="20230220 11:13:13.659" endtime="20230220 11:13:13.677"/>
</kw>
<kw name="Log" library="BuiltIn">
<arg>${secret}[CSV_url]</arg>
<doc>Logs the given message with the given level.</doc>
<msg timestamp="20230220 11:13:13.688" level="INFO">https://robotsparebinindustries.com/orders.csv</msg>
<status status="PASS" starttime="20230220 11:13:13.681" endtime="20230220 11:13:13.722"/>
</kw>
<return>
<value>${secret}[CSV_url]</value>
<status status="PASS" starttime="20230220 11:13:13.726" endtime="20230220 11:13:13.727"/>
</return>
<msg timestamp="20230220 11:13:13.729" level="INFO">${csv_url} = https://robotsparebinindustries.com/orders.csv</msg>
<status status="PASS" starttime="20230220 11:13:13.655" endtime="20230220 11:13:13.729"/>
</kw>
<kw name="Open the robot order website">
<kw name="Open Available Browser" library="RPA.Browser.Selenium">
<arg>${url}</arg>
<arg>maximized=${True}</arg>
<doc>Attempts to open a browser on the user's device from a set of
supported browsers. Automatically downloads a corresponding webdriver
if none is already installed.</doc>
<msg timestamp="20230220 11:13:13.742" level="INFO">Creating an instance of the Chrome WebDriver.</msg>
<msg timestamp="20230220 11:13:13.752" level="INFO">====== WebDriver manager ======</msg>
<msg timestamp="20230220 11:13:19.890" level="INFO">Creating an instance of the Chrome WebDriver.</msg>
<msg timestamp="20230220 11:13:21.976" level="INFO">Created Chrome browser with arguments: --start-maximized --disable-dev-shm-usage --disable-web-security --allow-running-insecure-content --no-sandbox</msg>
<msg timestamp="20230220 11:13:21.976" level="INFO" html="true">&lt;p&gt;Attempted combinations:&lt;/p&gt;&lt;div class="doc"&gt;&lt;table&gt;&lt;tr&gt;&lt;th&gt;Browser&lt;/th&gt;&lt;th&gt;Download&lt;/th&gt;&lt;th&gt;Error&lt;/th&gt;&lt;/tr&gt;&lt;tr&gt;&lt;td&gt;Chrome&lt;/td&gt;&lt;td&gt;False&lt;/td&gt;&lt;td&gt;Message: 'chromedriver' executable needs to be in PATH. Please see https://chromedriver.chromium.org/home
&lt;/td&gt;&lt;/tr&gt;&lt;tr&gt;&lt;td&gt;Chrome&lt;/td&gt;&lt;td&gt;True&lt;/td&gt;&lt;td&gt;&lt;/td&gt;&lt;/tr&gt;&lt;/table&gt;&lt;/div&gt;</msg>
<msg timestamp="20230220 11:13:21.977" level="INFO">Opening url 'https://robotsparebinindustries.com/#/robot-order'</msg>
<status status="PASS" starttime="20230220 11:13:13.739" endtime="20230220 11:13:24.102"/>
</kw>
<status status="PASS" starttime="20230220 11:13:13.738" endtime="20230220 11:13:24.103"/>
</kw>
<kw name="Get orders">
<var>${orders}</var>
<arg>${csv_url}</arg>
<kw name="Download" library="RPA.HTTP">
<arg>${csv_url}</arg>
<arg>overwrite=${True}</arg>
<doc>An alias for the ``HTTP Get`` keyword.</doc>
<msg timestamp="20230220 11:13:24.115" level="INFO">Creating a new HTTP session</msg>
<msg timestamp="20230220 11:13:24.116" level="INFO">Creating Session using : alias=rpasession_alias.httpsrobotsparebinindustries.com, url=https://robotsparebinindustries.com, headers={},                     cookies={}, auth=None, timeout=None, proxies=None, verify=True,                     debug=0 </msg>
<status status="PASS" starttime="20230220 11:13:24.113" endtime="20230220 11:13:25.560"/>
</kw>
<kw name="Read table from CSV" library="RPA.Tables">
<var>${table}</var>
<arg>d:\\WORK\\ROBOcorp c2${/}orders.csv</arg>
<doc>Read a CSV file as a table.</doc>
<msg timestamp="20230220 11:13:25.618" level="INFO">${table} = Table(columns=['Order number', 'Head', 'Body', 'Legs', 'Address'], rows=20)</msg>
<status status="PASS" starttime="20230220 11:13:25.561" endtime="20230220 11:13:25.618"/>
</kw>
<return>
<value>${table}</value>
<status status="PASS" starttime="20230220 11:13:25.619" endtime="20230220 11:13:25.619"/>
</return>
<msg timestamp="20230220 11:13:25.620" level="INFO">${orders} = Table(columns=['Order number', 'Head', 'Body', 'Legs', 'Address'], rows=20)</msg>
<status status="PASS" starttime="20230220 11:13:24.110" endtime="20230220 11:13:25.621"/>
</kw>
<for flavor="IN">
<var>${row}</var>
<value>@{orders}</value>
<iter>
<var name="${row}">{'Order number': '1', 'Head': '1', 'Body': '2', 'Legs': '3', 'Address': 'Address 123'}</var>
<kw name="Close the annoying modal">
<kw name="Wait Until Element Is Visible" library="RPA.Browser.Selenium">
<arg>//div[@class='modal-header']</arg>
<doc>Waits until the element ``locator`` is visible.</doc>
<status status="PASS" starttime="20230220 11:13:25.791" endtime="20230220 11:13:26.631"/>
</kw>
<kw name="Click Button" library="RPA.Browser.Selenium">
<arg>//button[normalize-space()='OK']</arg>
<doc>Clicks the button identified by ``locator``.</doc>
<msg timestamp="20230220 11:13:26.633" level="INFO">Clicking button '//button[normalize-space()='OK']'.</msg>
<status status="PASS" starttime="20230220 11:13:26.632" endtime="20230220 11:13:27.227"/>
</kw>
<status status="PASS" starttime="20230220 11:13:25.790" endtime="20230220 11:13:27.228"/>
</kw>
<kw name="Fill the form">
<arg>${row}</arg>
<kw name="Set Local Variable" library="BuiltIn">
<arg>${head}</arg>
<arg>${myrow}[Head]</arg>
<doc>Makes a variable available everywhere within the local scope.</doc>
<msg timestamp="20230220 11:13:27.235" level="INFO">${head} = 1</msg>
<status status="PASS" starttime="20230220 11:13:27.231" endtime="20230220 11:13:27.235"/>
</kw>
<kw name="Set Local Variable" library="BuiltIn">
<arg>${body}</arg>
<arg>${myrow}[Body]</arg>
<doc>Makes a variable available everywhere within the local scope.</doc>
<msg timestamp="20230220 11:13:27.240" level="INFO">${body} = 2</msg>
<status status="PASS" starttime="20230220 11:13:27.236" endtime="20230220 11:13:27.240"/>
</kw>
<kw name="Set Local Variable" library="BuiltIn">
<arg>${legs}</arg>
<arg>${myrow}[Legs]</arg>
<doc>Makes a variable available everywhere within the local scope.</doc>
<msg timestamp="20230220 11:13:27.245" level="INFO">${legs} = 3</msg>
<status status="PASS" starttime="20230220 11:13:27.241" endtime="20230220 11:13:27.246"/>
</kw>
<kw name="Set Local Variable" library="BuiltIn">
<arg>${address}</arg>
<arg>${myrow}[Address]</arg>
<doc>Makes a variable available everywhere within the local scope.</doc>
<msg timestamp="20230220 11:13:27.251" level="INFO">${address} = Address 123</msg>
<status status="PASS" starttime="20230220 11:13:27.247" endtime="20230220 11:13:27.251"/>
</kw>
<kw name="Set Local Variable" library="BuiltIn">
<arg>${input_head}</arg>
<arg>//*[@id="head"]</arg>
<doc>Makes a variable available everywhere within the local scope.</doc>
<msg timestamp="20230220 11:13:27.255" level="INFO">${input_head} = //*[@id="head"]</msg>
<status status="PASS" starttime="20230220 11:13:27.252" endtime="20230220 11:13:27.256"/>
</kw>
<kw name="Set Local Variable" library="BuiltIn">
<arg>${input_body}</arg>
<arg>body</arg>
<doc>Makes a variable available everywhere within the local scope.</doc>
<msg timestamp="20230220 11:13:27.260" level="INFO">${input_body} = body</msg>
<status status="PASS" starttime="20230220 11:13:27.257" endtime="20230220 11:13:27.261"/>
</kw>
<kw name="Set Local Variable" library="BuiltIn">
<arg>${input_legs}</arg>
<arg>xpath://html/body/div/div/div[1]/div/div[1]/form/div[3]/input</arg>
<doc>Makes a variable available everywhere within the local scope.</doc>
<msg timestamp="20230220 11:13:27.266" level="INFO">${input_legs} = xpath://html/body/div/div/div[1]/div/div[1]/form/div[3]/input</msg>
<status status="PASS" starttime="20230220 11:13:27.261" endtime="20230220 11:13:27.267"/>
</kw>
<kw name="Set Local Variable" library="BuiltIn">
<arg>${input_address}</arg>
<arg>//*[@id="address"]</arg>
<doc>Makes a variable available everywhere within the local scope.</doc>
<msg timestamp="20230220 11:13:27.271" level="INFO">${input_address} = //*[@id="address"]</msg>
<status status="PASS" starttime="20230220 11:13:27.268" endtime="20230220 11:13:27.271"/>
</kw>
<kw name="Wait Until Element Is Visible" library="RPA.Browser.Selenium">
<arg>${input_head}</arg>
<doc>Waits until the element ``locator`` is visible.</doc>
<status status="PASS" starttime="20230220 11:13:27.272" endtime="20230220 11:13:27.342"/>
</kw>
<kw name="Wait Until Element Is Enabled" library="RPA.Browser.Selenium">
<arg>${input_head}</arg>
<doc>Waits until the element ``locator`` is enabled.</doc>
<status status="PASS" starttime="20230220 11:13:27.342" endtime="20230220 11:13:27.429"/>
</kw>
<kw name="Select From List By Value" library="RPA.Browser.Selenium">
<arg>${input_head}</arg>
<arg>${head}</arg>
<doc>Selects options from selection list ``locator`` by ``values``.</doc>
<msg timestamp="20230220 11:13:27.432" level="INFO">Selecting options from selection list '//*[@id="head"]' by value 1.</msg>
<status status="PASS" starttime="20230220 11:13:27.430" endtime="20230220 11:13:27.717"/>
</kw>
<kw name="Wait Until Element Is Enabled" library="RPA.Browser.Selenium">
<arg>${input_body}</arg>
<doc>Waits until the element ``locator`` is enabled.</doc>
<status status="PASS" starttime="20230220 11:13:27.718" endtime="20230220 11:13:27.844"/>
</kw>
<kw name="Select Radio Button" library="RPA.Browser.Selenium">
<arg>${input_body}</arg>
<arg>${body}</arg>
<doc>Sets the radio button group ``group_name`` to ``value``.</doc>
<msg timestamp="20230220 11:13:27.847" level="INFO">Selecting '2' from radio button 'body'.</msg>
<status status="PASS" starttime="20230220 11:13:27.845" endtime="20230220 11:13:28.002"/>
</kw>
<kw name="Wait Until Element Is Enabled" library="RPA.Browser.Selenium">
<arg>${input_legs}</arg>
<doc>Waits until the element ``locator`` is enabled.</doc>
<status status="PASS" starttime="20230220 11:13:28.003" endtime="20230220 11:13:28.072"/>
</kw>
<kw name="Input Text" library="RPA.Browser.Selenium">
<arg>${input_legs}</arg>
<arg>${legs}</arg>
<doc>Types the given ``text`` into the text field identified by ``locator``.</doc>
<msg timestamp="20230220 11:13:28.074" level="INFO">Typing text '3' into text field 'xpath://html/body/div/div/div[1]/div/div[1]/form/div[3]/input'.</msg>
<status status="PASS" starttime="20230220 11:13:28.072" endtime="20230220 11:13:28.273"/>
</kw>
<kw name="Wait Until Element Is Enabled" library="RPA.Browser.Selenium">
<arg>${input_address}</arg>
<doc>Waits until the element ``locator`` is enabled.</doc>
<status status="PASS" starttime="20230220 11:13:28.273" endtime="20230220 11:13:28.352"/>
</kw>
<kw name="Input Text" library="RPA.Browser.Selenium">
<arg>${input_address}</arg>
<arg>${address}</arg>
<doc>Types the given ``text`` into the text field identified by ``locator``.</doc>
<msg timestamp="20230220 11:13:28.354" level="INFO">Typing text 'Address 123' into text field '//*[@id="address"]'.</msg>
<status status="PASS" starttime="20230220 11:13:28.353" endtime="20230220 11:13:28.511"/>
</kw>
<status status="PASS" starttime="20230220 11:13:27.229" endtime="20230220 11:13:28.512"/>
</kw>
<kw name="Wait Until Keyword Succeeds" library="BuiltIn">
<arg>10x</arg>
<arg>2s</arg>
<arg>Preview the robot</arg>
<doc>Runs the specified keyword and retries if it fails.</doc>
<kw name="Preview the robot">
<kw name="Wait Until Element Is Visible" library="RPA.Browser.Selenium">
<arg>//*[@id="preview"]</arg>
<doc>Waits until the element ``locator`` is visible.</doc>
<status status="PASS" starttime="20230220 11:13:28.518" endtime="20230220 11:13:28.560"/>
</kw>
<kw name="Click Button" library="RPA.Browser.Selenium">
<arg>//*[@id="preview"]</arg>
<doc>Clicks the button identified by ``locator``.</doc>
<msg timestamp="20230220 11:13:28.563" level="INFO">Clicking button '//*[@id="preview"]'.</msg>
<status status="PASS" starttime="20230220 11:13:28.561" endtime="20230220 11:13:28.788"/>
</kw>
<kw name="Wait Until Element Is Visible" library="RPA.Browser.Selenium">
<arg>//*[@id="robot-preview-image"]</arg>
<doc>Waits until the element ``locator`` is visible.</doc>
<status status="PASS" starttime="20230220 11:13:28.789" endtime="20230220 11:13:28.848"/>
</kw>
<status status="PASS" starttime="20230220 11:13:28.517" endtime="20230220 11:13:28.848"/>
</kw>
<status status="PASS" starttime="20230220 11:13:28.513" endtime="20230220 11:13:28.850"/>
</kw>
<kw name="Wait Until Keyword Succeeds" library="BuiltIn">
<arg>10x</arg>
<arg>2s</arg>
<arg>Submit the order</arg>
<doc>Runs the specified keyword and retries if it fails.</doc>
<kw name="Submit the order">
<kw name="Mute Run On Failure" library="RPA.RobotLogListener">
<arg>Page Should Contain Element</arg>
<doc>Set keywords which should not execute `SeleniumLibrary`
default behaviour of running keyword on failure.</doc>
<kw name="Get Library Instance" library="BuiltIn">
<arg>RPA.Browser</arg>
<doc>Returns the currently active instance of the specified library.</doc>
<msg timestamp="20230220 11:13:28.858" level="FAIL">No library 'RPA.Browser' found.</msg>
<status status="FAIL" starttime="20230220 11:13:28.855" endtime="20230220 11:13:28.862"/>
</kw>
<kw name="Get Library Instance" library="BuiltIn">
<arg>RPA.Browser.Selenium</arg>
<doc>Returns the currently active instance of the specified library.</doc>
<status status="PASS" starttime="20230220 11:13:28.863" endtime="20230220 11:13:28.865"/>
</kw>
<status status="PASS" starttime="20230220 11:13:28.853" endtime="20230220 11:13:28.866"/>
</kw>
<kw name="Click Button" library="RPA.Browser.Selenium">
<arg>//*[@id="order"]</arg>
<doc>Clicks the button identified by ``locator``.</doc>
<msg timestamp="20230220 11:13:28.868" level="INFO">Clicking button '//*[@id="order"]'.</msg>
<status status="PASS" starttime="20230220 11:13:28.866" endtime="20230220 11:13:29.056"/>
</kw>
<kw name="Page Should Contain Element" library="RPA.Browser.Selenium">
<arg>//*[@id="receipt"]</arg>
<doc>Verifies that element ``locator`` is found on the current page.</doc>
<msg timestamp="20230220 11:13:29.058" level="INFO">No keyword will be run on failure.</msg>
<msg timestamp="20230220 11:13:29.085" level="INFO">Current page contains element '//*[@id="receipt"]'.</msg>
<msg timestamp="20230220 11:13:29.087" level="INFO">Capture Page Screenshot will be run on failure.</msg>
<status status="PASS" starttime="20230220 11:13:29.057" endtime="20230220 11:13:29.086"/>
</kw>
<status status="PASS" starttime="20230220 11:13:28.852" endtime="20230220 11:13:29.087"/>
</kw>
<status status="PASS" starttime="20230220 11:13:28.850" endtime="20230220 11:13:29.087"/>
</kw>
<kw name="Store the receipt as a PDF file">
<var>${pdf}</var>
<arg>${row}[Order number]</arg>
<kw name="Get Element Attribute" library="RPA.Browser.Selenium">
<var>${order_receipt_html}</var>
<arg>//*[@id="receipt"]</arg>
<arg>outerHTML</arg>
<doc>Returns the value of ``attribute`` from the element ``locator``.</doc>
<msg timestamp="20230220 11:13:29.136" level="INFO">${order_receipt_html} = &lt;div id="receipt" class="alert alert-success" role="alert"&gt;&lt;h3&gt;Receipt&lt;/h3&gt;&lt;div&gt;2023-02-20T10:13:29.019Z&lt;/div&gt;&lt;p class="badge badge-success"&gt;RSB-ROBO-ORDER-Z3BV1AA5BW&lt;/p&gt;&lt;p&gt;Address 123&lt;/p&gt;&lt;div id="par...</msg>
<status status="PASS" starttime="20230220 11:13:29.089" endtime="20230220 11:13:29.136"/>
</kw>
<kw name="Set Local Variable" library="BuiltIn">
<arg>${pdf_path}</arg>
<arg>${output}${/}receipts${/}${rowxx}.pdf</arg>
<doc>Makes a variable available everywhere within the local scope.</doc>
<msg timestamp="20230220 11:13:29.141" level="INFO">${pdf_path} = d:\WORK\ROBOcorp c2\output\receipts\1.pdf</msg>
<status status="PASS" starttime="20230220 11:13:29.137" endtime="20230220 11:13:29.142"/>
</kw>
<kw name="Html To Pdf" library="RPA.PDF">
<arg>content=${order_receipt_html}</arg>
<arg>output_path=${pdf_path}</arg>
<doc>Generate a PDF file from HTML content.</doc>
<msg timestamp="20230220 11:13:29.149" level="INFO">Writing output to file D:\WORK\ROBOcorp c2\output\receipts\1.pdf</msg>
<msg timestamp="20230220 11:13:29.907" level="INFO">maxp pruned</msg>
<msg timestamp="20230220 11:13:29.908" level="INFO">cmap pruned</msg>
<msg timestamp="20230220 11:13:29.971" level="INFO">post pruned</msg>
<msg timestamp="20230220 11:13:30.034" level="INFO">GDEF dropped</msg>
<msg timestamp="20230220 11:13:30.034" level="INFO">GPOS dropped</msg>
<msg timestamp="20230220 11:13:30.035" level="INFO">GSUB dropped</msg>
<msg timestamp="20230220 11:13:30.147" level="INFO">name pruned</msg>
<msg timestamp="20230220 11:13:30.171" level="INFO">glyf pruned</msg>
<msg timestamp="20230220 11:13:30.172" level="INFO">Added gid0 to subset</msg>
<msg timestamp="20230220 11:13:30.173" level="INFO">Added first four glyphs to subset</msg>
<msg timestamp="20230220 11:13:30.174" level="INFO">Closing glyph list over 'glyf': 56 glyphs before</msg>
<msg timestamp="20230220 11:13:30.174" level="INFO">Glyph names: ['.notdef', '.null', 'uni0020', 'uni0021', 'uni002D', 'uni002E', 'uni0030', 'uni0031', 'uni0032', 'uni0033', 'uni0034', 'uni0035', 'uni0036', 'uni0037', 'uni0038', 'uni0039', 'uni003A', 'uni0041', 'uni0042', 'uni0044', 'uni0045', 'uni0048', 'uni004C', 'uni004F', 'uni0052', 'uni0053', 'uni0054', 'uni0056', 'uni0057', 'uni0059', 'uni005A', 'uni0061', 'uni0062', 'uni0063', 'uni0064', 'uni0065', 'uni0066', 'uni0067', 'uni0068', 'uni0069', 'uni006B', 'uni006C', 'uni006D', 'uni006E', 'uni006F', 'uni0070', 'uni0072', 'uni0073', 'uni0074', 'uni0075', 'uni0076', 'uni0077', 'uni0079', 'uni007B', 'uni007D', 'uni00C4']</msg>
<msg timestamp="20230220 11:13:30.175" level="INFO">Glyph IDs:   [0, 1, 2, 3, 65, 84, 95, 161, 280, 320, 382, 395, 409, 453, 456, 469, 493, 504, 575, 582, 594, 612, 645, 650, 660, 679, 715, 723, 752, 759, 775, 827, 837, 867, 884, 899, 932, 936, 950, 1294, 1295, 1296, 1298, 1299, 1300, 1302, 1303, 1304, 1305, 1329, 1345, 1346, 1361, 1404, 1407, 1681]</msg>
<msg timestamp="20230220 11:13:30.176" level="INFO">Closed glyph list over 'glyf': 56 glyphs after</msg>
<msg timestamp="20230220 11:13:30.177" level="INFO">Glyph names: ['.notdef', '.null', 'uni0020', 'uni0021', 'uni002D', 'uni002E', 'uni0030', 'uni0031', 'uni0032', 'uni0033', 'uni0034', 'uni0035', 'uni0036', 'uni0037', 'uni0038', 'uni0039', 'uni003A', 'uni0041', 'uni0042', 'uni0044', 'uni0045', 'uni0048', 'uni004C', 'uni004F', 'uni0052', 'uni0053', 'uni0054', 'uni0056', 'uni0057', 'uni0059', 'uni005A', 'uni0061', 'uni0062', 'uni0063', 'uni0064', 'uni0065', 'uni0066', 'uni0067', 'uni0068', 'uni0069', 'uni006B', 'uni006C', 'uni006D', 'uni006E', 'uni006F', 'uni0070', 'uni0072', 'uni0073', 'uni0074', 'uni0075', 'uni0076', 'uni0077', 'uni0079', 'uni007B', 'uni007D', 'uni00C4']</msg>
<msg timestamp="20230220 11:13:30.177" level="INFO">Glyph IDs:   [0, 1, 2, 3, 65, 84, 95, 161, 280, 320, 382, 395, 409, 453, 456, 469, 493, 504, 575, 582, 594, 612, 645, 650, 660, 679, 715, 723, 752, 759, 775, 827, 837, 867, 884, 899, 932, 936, 950, 1294, 1295, 1296, 1298, 1299, 1300, 1302, 1303, 1304, 1305, 1329, 1345, 1346, 1361, 1404, 1407, 1681]</msg>
<msg timestamp="20230220 11:13:30.178" level="INFO">Retaining 56 glyphs</msg>
<msg timestamp="20230220 11:13:30.179" level="INFO">head subsetting not needed</msg>
<msg timestamp="20230220 11:13:30.180" level="INFO">hhea subsetting not needed</msg>
<msg timestamp="20230220 11:13:30.180" level="INFO">maxp subsetting not needed</msg>
<msg timestamp="20230220 11:13:30.180" level="INFO">OS/2 subsetting not needed</msg>
<msg timestamp="20230220 11:13:30.186" level="INFO">hmtx subsetted</msg>
<msg timestamp="20230220 11:13:30.190" level="INFO">cmap subsetted</msg>
<msg timestamp="20230220 11:13:30.190" level="INFO">prep subsetting not needed</msg>
<msg timestamp="20230220 11:13:30.191" level="INFO">loca subsetting not needed</msg>
<msg timestamp="20230220 11:13:30.191" level="INFO">post subsetted</msg>
<msg timestamp="20230220 11:13:30.192" level="INFO">gasp subsetting not needed</msg>
<msg timestamp="20230220 11:13:30.287" level="INFO">STAT subsetting not needed</msg>
<msg timestamp="20230220 11:13:30.288" level="INFO">name subsetting not needed</msg>
<msg timestamp="20230220 11:13:30.291" level="INFO">glyf subsetted</msg>
<msg timestamp="20230220 11:13:30.292" level="INFO">head pruned</msg>
<msg timestamp="20230220 11:13:30.294" level="INFO">OS/2 Unicode ranges pruned: [0]</msg>
<msg timestamp="20230220 11:13:30.296" level="INFO">glyf pruned</msg>
<msg timestamp="20230220 11:13:30.563" level="INFO">maxp pruned</msg>
<msg timestamp="20230220 11:13:30.566" level="INFO">cmap pruned</msg>
<msg timestamp="20230220 11:13:30.568" level="INFO">post pruned</msg>
<msg timestamp="20230220 11:13:30.568" level="INFO">GDEF dropped</msg>
<msg timestamp="20230220 11:13:30.568" level="INFO">GPOS dropped</msg>
<msg timestamp="20230220 11:13:30.571" level="INFO">GSUB dropped</msg>
<msg timestamp="20230220 11:13:30.574" level="INFO">name pruned</msg>
<msg timestamp="20230220 11:13:30.626" level="INFO">glyf pruned</msg>
<msg timestamp="20230220 11:13:30.628" level="INFO">Added gid0 to subset</msg>
<msg timestamp="20230220 11:13:30.628" level="INFO">Added first four glyphs to subset</msg>
<msg timestamp="20230220 11:13:30.629" level="INFO">Closing glyph list over 'glyf': 19 glyphs before</msg>
<msg timestamp="20230220 11:13:30.629" level="INFO">Glyph names: ['.notdef', '.null', 'uni0020', 'uni0030', 'uni0031', 'uni0032', 'uni0033', 'uni0034', 'uni0035', 'uni0036', 'uni0037', 'uni0038', 'uni0039', 'uni0041', 'uni0062', 'uni006E', 'uni007B', 'uni007D', 'uni00C4']</msg>
<msg timestamp="20230220 11:13:30.630" level="INFO">Glyph IDs:   [0, 1, 2, 3, 575, 759, 1294, 1295, 1296, 1298, 1299, 1300, 1302, 1303, 1304, 1305, 1345, 1346, 1681]</msg>
<msg timestamp="20230220 11:13:30.631" level="INFO">Closed glyph list over 'glyf': 19 glyphs after</msg>
<msg timestamp="20230220 11:13:30.631" level="INFO">Glyph names: ['.notdef', '.null', 'uni0020', 'uni0030', 'uni0031', 'uni0032', 'uni0033', 'uni0034', 'uni0035', 'uni0036', 'uni0037', 'uni0038', 'uni0039', 'uni0041', 'uni0062', 'uni006E', 'uni007B', 'uni007D', 'uni00C4']</msg>
<msg timestamp="20230220 11:13:30.632" level="INFO">Glyph IDs:   [0, 1, 2, 3, 575, 759, 1294, 1295, 1296, 1298, 1299, 1300, 1302, 1303, 1304, 1305, 1345, 1346, 1681]</msg>
<msg timestamp="20230220 11:13:30.635" level="INFO">Retaining 19 glyphs</msg>
<msg timestamp="20230220 11:13:30.637" level="INFO">head subsetting not needed</msg>
<msg timestamp="20230220 11:13:30.637" level="INFO">hhea subsetting not needed</msg>
<msg timestamp="20230220 11:13:30.638" level="INFO">maxp subsetting not needed</msg>
<msg timestamp="20230220 11:13:30.638" level="INFO">OS/2 subsetting not needed</msg>
<msg timestamp="20230220 11:13:30.644" level="INFO">hmtx subsetted</msg>
<msg timestamp="20230220 11:13:30.651" level="INFO">cmap subsetted</msg>
<msg timestamp="20230220 11:13:30.652" level="INFO">prep subsetting not needed</msg>
<msg timestamp="20230220 11:13:30.652" level="INFO">loca subsetting not needed</msg>
<msg timestamp="20230220 11:13:30.653" level="INFO">post subsetted</msg>
<msg timestamp="20230220 11:13:30.653" level="INFO">gasp subsetting not needed</msg>
<msg timestamp="20230220 11:13:30.686" level="INFO">STAT subsetting not needed</msg>
<msg timestamp="20230220 11:13:30.687" level="INFO">name subsetting not needed</msg>
<msg timestamp="20230220 11:13:30.690" level="INFO">glyf subsetted</msg>
<msg timestamp="20230220 11:13:30.691" level="INFO">head pruned</msg>
<msg timestamp="20230220 11:13:30.692" level="INFO">OS/2 Unicode ranges pruned: [0]</msg>
<msg timestamp="20230220 11:13:30.695" level="INFO">glyf pruned</msg>
<msg timestamp="20230220 11:13:30.798" level="INFO">maxp pruned</msg>
<msg timestamp="20230220 11:13:30.799" level="INFO">cmap pruned</msg>
<msg timestamp="20230220 11:13:30.801" level="INFO">post pruned</msg>
<msg timestamp="20230220 11:13:30.802" level="INFO">GDEF dropped</msg>
<msg timestamp="20230220 11:13:30.802" level="INFO">GPOS dropped</msg>
<msg timestamp="20230220 11:13:30.803" level="INFO">GSUB dropped</msg>
<msg timestamp="20230220 11:13:30.804" level="INFO">name pruned</msg>
<msg timestamp="20230220 11:13:30.861" level="INFO">glyf pruned</msg>
<msg timestamp="20230220 11:13:30.872" level="INFO">Added gid0 to subset</msg>
<msg timestamp="20230220 11:13:30.873" level="INFO">Added first four glyphs to subset</msg>
<msg timestamp="20230220 11:13:30.873" level="INFO">Closing glyph list over 'glyf': 18 glyphs before</msg>
<msg timestamp="20230220 11:13:30.874" level="INFO">Glyph names: ['.notdef', '.null', 'uni0020', 'uni0030', 'uni0031', 'uni0032', 'uni0033', 'uni0034', 'uni0035', 'uni0036', 'uni0037', 'uni0038', 'uni0039', 'uni0062', 'uni006E', 'uni007B', 'uni007D', 'uni00A0']</msg>
<msg timestamp="20230220 11:13:30.875" level="INFO">Glyph IDs:   [0, 1, 2, 3, 544, 727, 1256, 1257, 1258, 1260, 1261, 1262, 1264, 1265, 1266, 1267, 1307, 1308]</msg>
<msg timestamp="20230220 11:13:30.876" level="INFO">Closed glyph list over 'glyf': 18 glyphs after</msg>
<msg timestamp="20230220 11:13:30.876" level="INFO">Glyph names: ['.notdef', '.null', 'uni0020', 'uni0030', 'uni0031', 'uni0032', 'uni0033', 'uni0034', 'uni0035', 'uni0036', 'uni0037', 'uni0038', 'uni0039', 'uni0062', 'uni006E', 'uni007B', 'uni007D', 'uni00A0']</msg>
<msg timestamp="20230220 11:13:30.877" level="INFO">Glyph IDs:   [0, 1, 2, 3, 544, 727, 1256, 1257, 1258, 1260, 1261, 1262, 1264, 1265, 1266, 1267, 1307, 1308]</msg>
<msg timestamp="20230220 11:13:30.878" level="INFO">Retaining 18 glyphs</msg>
<msg timestamp="20230220 11:13:30.879" level="INFO">head subsetting not needed</msg>
<msg timestamp="20230220 11:13:30.879" level="INFO">hhea subsetting not needed</msg>
<msg timestamp="20230220 11:13:30.880" level="INFO">maxp subsetting not needed</msg>
<msg timestamp="20230220 11:13:30.881" level="INFO">OS/2 subsetting not needed</msg>
<msg timestamp="20230220 11:13:30.888" level="INFO">hmtx subsetted</msg>
<msg timestamp="20230220 11:13:30.922" level="INFO">cmap subsetted</msg>
<msg timestamp="20230220 11:13:30.922" level="INFO">loca subsetting not needed</msg>
<msg timestamp="20230220 11:13:30.923" level="INFO">post subsetted</msg>
<msg timestamp="20230220 11:13:30.923" level="INFO">name subsetting not needed</msg>
<msg timestamp="20230220 11:13:30.926" level="INFO">glyf subsetted</msg>
<msg timestamp="20230220 11:13:30.927" level="INFO">head pruned</msg>
<msg timestamp="20230220 11:13:30.928" level="INFO">OS/2 Unicode ranges pruned: [0]</msg>
<msg timestamp="20230220 11:13:30.929" level="INFO">glyf pruned</msg>
<msg timestamp="20230220 11:13:31.037" level="INFO">maxp pruned</msg>
<msg timestamp="20230220 11:13:31.038" level="INFO">cmap pruned</msg>
<msg timestamp="20230220 11:13:31.039" level="INFO">post pruned</msg>
<msg timestamp="20230220 11:13:31.039" level="INFO">GDEF dropped</msg>
<msg timestamp="20230220 11:13:31.040" level="INFO">GPOS dropped</msg>
<msg timestamp="20230220 11:13:31.041" level="INFO">GSUB dropped</msg>
<msg timestamp="20230220 11:13:31.042" level="INFO">name pruned</msg>
<msg timestamp="20230220 11:13:31.104" level="INFO">glyf pruned</msg>
<msg timestamp="20230220 11:13:31.115" level="INFO">Added gid0 to subset</msg>
<msg timestamp="20230220 11:13:31.116" level="INFO">Added first four glyphs to subset</msg>
<msg timestamp="20230220 11:13:31.117" level="INFO">Closing glyph list over 'glyf': 18 glyphs before</msg>
<msg timestamp="20230220 11:13:31.118" level="INFO">Glyph names: ['.notdef', '.null', 'uni0020', 'uni0030', 'uni0031', 'uni0032', 'uni0033', 'uni0034', 'uni0035', 'uni0036', 'uni0037', 'uni0038', 'uni0039', 'uni0062', 'uni006E', 'uni007B', 'uni007D', 'uni00A0']</msg>
<msg timestamp="20230220 11:13:31.119" level="INFO">Glyph IDs:   [0, 1, 2, 3, 544, 727, 1256, 1257, 1258, 1260, 1261, 1262, 1264, 1265, 1266, 1267, 1307, 1308]</msg>
<msg timestamp="20230220 11:13:31.120" level="INFO">Closed glyph list over 'glyf': 18 glyphs after</msg>
<msg timestamp="20230220 11:13:31.120" level="INFO">Glyph names: ['.notdef', '.null', 'uni0020', 'uni0030', 'uni0031', 'uni0032', 'uni0033', 'uni0034', 'uni0035', 'uni0036', 'uni0037', 'uni0038', 'uni0039', 'uni0062', 'uni006E', 'uni007B', 'uni007D', 'uni00A0']</msg>
<msg timestamp="20230220 11:13:31.121" level="INFO">Glyph IDs:   [0, 1, 2, 3, 544, 727, 1256, 1257, 1258, 1260, 1261, 1262, 1264, 1265, 1266, 1267, 1307, 1308]</msg>
<msg timestamp="20230220 11:13:31.122" level="INFO">Retaining 18 glyphs</msg>
<msg timestamp="20230220 11:13:31.123" level="INFO">head subsetting not needed</msg>
<msg timestamp="20230220 11:13:31.124" level="INFO">hhea subsetting not needed</msg>
<msg timestamp="20230220 11:13:31.124" level="INFO">maxp subsetting not needed</msg>
<msg timestamp="20230220 11:13:31.125" level="INFO">OS/2 subsetting not needed</msg>
<msg timestamp="20230220 11:13:31.129" level="INFO">hmtx subsetted</msg>
<msg timestamp="20230220 11:13:31.133" level="INFO">cmap subsetted</msg>
<msg timestamp="20230220 11:13:31.171" level="INFO">loca subsetting not needed</msg>
<msg timestamp="20230220 11:13:31.172" level="INFO">post subsetted</msg>
<msg timestamp="20230220 11:13:31.172" level="INFO">name subsetting not needed</msg>
<msg timestamp="20230220 11:13:31.175" level="INFO">glyf subsetted</msg>
<msg timestamp="20230220 11:13:31.176" level="INFO">head pruned</msg>
<msg timestamp="20230220 11:13:31.177" level="INFO">OS/2 Unicode ranges pruned: [0]</msg>
<msg timestamp="20230220 11:13:31.179" level="INFO">glyf pruned</msg>
<status status="PASS" starttime="20230220 11:13:29.143" endtime="20230220 11:13:31.268"/>
</kw>
<return>
<value>${pdf_path}</value>
<status status="PASS" starttime="20230220 11:13:31.269" endtime="20230220 11:13:31.269"/>
</return>
<msg timestamp="20230220 11:13:31.271" level="INFO">${pdf} = d:\WORK\ROBOcorp c2\output\receipts\1.pdf</msg>
<status status="PASS" starttime="20230220 11:13:29.089" endtime="20230220 11:13:31.271"/>
</kw>
<kw name="Take a screenshot of the robot">
<var>${screenshot}</var>
<arg>${row}[Order number]</arg>
<kw name="Wait Until Element Is Visible" library="RPA.Browser.Selenium">
<arg>(//div[@id='robot-preview-image'])[1]</arg>
<doc>Waits until the element ``locator`` is visible.</doc>
<status status="PASS" starttime="20230220 11:13:31.274" endtime="20230220 11:13:31.938"/>
</kw>
<kw name="Set Local Variable" library="BuiltIn">
<arg>${Sc_path}</arg>
<arg>${output}${/}screenshots${/}${rowxx}.PNG</arg>
<doc>Makes a variable available everywhere within the local scope.</doc>
<msg timestamp="20230220 11:13:31.943" level="INFO">${Sc_path} = d:\WORK\ROBOcorp c2\output\screenshots\1.PNG</msg>
<status status="PASS" starttime="20230220 11:13:31.940" endtime="20230220 11:13:31.944"/>
</kw>
<kw name="Capture Element Screenshot" library="RPA.Browser.Selenium">
<arg>(//div[@id='robot-preview-image'])[1]</arg>
<arg>${Sc_path}</arg>
<doc>Captures a screenshot from the element identified by ``locator`` and embeds it into log file.</doc>
<msg timestamp="20230220 11:13:32.430" level="INFO" html="true">&lt;/td&gt;&lt;/tr&gt;&lt;tr&gt;&lt;td colspan="3"&gt;&lt;a href="file:///D:/WORK/ROBOcorp%20c2/output/screenshots/1.PNG"&gt;&lt;img src="file:///D:/WORK/ROBOcorp%20c2/output/screenshots/1.PNG" width="400px"&gt;&lt;/a&gt;</msg>
<status status="PASS" starttime="20230220 11:13:31.945" endtime="20230220 11:13:32.431"/>
</kw>
<return>
<value>${Sc_path}</value>
<status status="PASS" starttime="20230220 11:13:32.431" endtime="20230220 11:13:32.432"/>
</return>
<msg timestamp="20230220 11:13:32.433" level="INFO">${screenshot} = d:\WORK\ROBOcorp c2\output\screenshots\1.PNG</msg>
<status status="PASS" starttime="20230220 11:13:31.272" endtime="20230220 11:13:32.433"/>
</kw>
<kw name="Embed the robot screenshot to the receipt PDF file">
<arg>${screenshot}</arg>
<arg>${pdf}</arg>
<kw name="Add Watermark Image To Pdf" library="RPA.PDF">
<arg>${SC}</arg>
<arg>${PDF}</arg>
<arg>${PDF}</arg>
<doc>Add an image into an existing or new PDF.</doc>
<msg timestamp="20230220 11:13:33.040" level="WARN">Object 7 0 found</msg>
<msg timestamp="20230220 11:13:33.048" level="WARN">Overwriting cache for 0 7</msg>
<msg timestamp="20230220 11:13:33.060" level="WARN">Object 14 0 found</msg>
<msg timestamp="20230220 11:13:33.065" level="WARN">Overwriting cache for 0 14</msg>
<msg timestamp="20230220 11:13:33.087" level="WARN">Object 21 0 found</msg>
<msg timestamp="20230220 11:13:33.099" level="WARN">Overwriting cache for 0 21</msg>
<msg timestamp="20230220 11:13:33.192" level="WARN">Object 28 0 found</msg>
<msg timestamp="20230220 11:13:33.205" level="WARN">Overwriting cache for 0 28</msg>
<status status="PASS" starttime="20230220 11:13:32.437" endtime="20230220 11:13:33.249"/>
</kw>
<status status="PASS" starttime="20230220 11:13:32.434" endtime="20230220 11:13:33.250"/>
</kw>
<kw name="Go to order another robot">
<kw name="Click Button" library="RPA.Browser.Selenium">
<arg>//*[@id="order-another"]</arg>
<doc>Clicks the button identified by ``locator``.</doc>
<msg timestamp="20230220 11:13:33.258" level="INFO">Clicking button '//*[@id="order-another"]'.</msg>
<status status="PASS" starttime="20230220 11:13:33.257" endtime="20230220 11:13:33.676"/>
</kw>
<kw name="Sleep" library="BuiltIn">
<arg>1s</arg>
<doc>Pauses the test executed for the given time.</doc>
<msg timestamp="20230220 11:13:34.684" level="INFO">Slept 1 second</msg>
<status status="PASS" starttime="20230220 11:13:33.676" endtime="20230220 11:13:34.685"/>
</kw>
<status status="PASS" starttime="20230220 11:13:33.251" endtime="20230220 11:13:34.685"/>
</kw>
<status status="PASS" starttime="20230220 11:13:25.789" endtime="20230220 11:13:34.686"/>
</iter>
<iter>
<var name="${row}">{'Order number': '2', 'Head': '4', 'Body': '1', 'Legs': '5', 'Address': 'Address 456'}</var>
<kw name="Close the annoying modal">
<kw name="Wait Until Element Is Visible" library="RPA.Browser.Selenium">
<arg>//div[@class='modal-header']</arg>
<doc>Waits until the element ``locator`` is visible.</doc>
<status status="PASS" starttime="20230220 11:13:34.690" endtime="20230220 11:13:34.732"/>
</kw>
<kw name="Click Button" library="RPA.Browser.Selenium">
<arg>//button[normalize-space()='OK']</arg>
<doc>Clicks the button identified by ``locator``.</doc>
<msg timestamp="20230220 11:13:34.734" level="INFO">Clicking button '//button[normalize-space()='OK']'.</msg>
<status status="PASS" starttime="20230220 11:13:34.733" endtime="20230220 11:13:34.836"/>
</kw>
<status status="PASS" starttime="20230220 11:13:34.688" endtime="20230220 11:13:34.836"/>
</kw>
<kw name="Fill the form">
<arg>${row}</arg>
<kw name="Set Local Variable" library="BuiltIn">
<arg>${head}</arg>
<arg>${myrow}[Head]</arg>
<doc>Makes a variable available everywhere within the local scope.</doc>
<msg timestamp="20230220 11:13:34.844" level="INFO">${head} = 4</msg>
<status status="PASS" starttime="20230220 11:13:34.841" endtime="20230220 11:13:34.845"/>
</kw>
<kw name="Set Local Variable" library="BuiltIn">
<arg>${body}</arg>
<arg>${myrow}[Body]</arg>
<doc>Makes a variable available everywhere within the local scope.</doc>
<msg timestamp="20230220 11:13:34.848" level="INFO">${body} = 1</msg>
<status status="PASS" starttime="20230220 11:13:34.846" endtime="20230220 11:13:34.848"/>
</kw>
<kw name="Set Local Variable" library="BuiltIn">
<arg>${legs}</arg>
<arg>${myrow}[Legs]</arg>
<doc>Makes a variable available everywhere within the local scope.</doc>
<msg timestamp="20230220 11:13:34.851" level="INFO">${legs} = 5</msg>
<status status="PASS" starttime="20230220 11:13:34.849" endtime="20230220 11:13:34.851"/>
</kw>
<kw name="Set Local Variable" library="BuiltIn">
<arg>${address}</arg>
<arg>${myrow}[Address]</arg>
<doc>Makes a variable available everywhere within the local scope.</doc>
<msg timestamp="20230220 11:13:34.855" level="INFO">${address} = Address 456</msg>
<status status="PASS" starttime="20230220 11:13:34.852" endtime="20230220 11:13:34.856"/>
</kw>
<kw name="Set Local Variable" library="BuiltIn">
<arg>${input_head}</arg>
<arg>//*[@id="head"]</arg>
<doc>Makes a variable available everywhere within the local scope.</doc>
<msg timestamp="20230220 11:13:34.860" level="INFO">${input_head} = //*[@id="head"]</msg>
<status status="PASS" starttime="20230220 11:13:34.857" endtime="20230220 11:13:34.860"/>
</kw>
<kw name="Set Local Variable" library="BuiltIn">
<arg>${input_body}</arg>
<arg>body</arg>
<doc>Makes a variable available everywhere within the local scope.</doc>
<msg timestamp="20230220 11:13:34.863" level="INFO">${input_body} = body</msg>
<status status="PASS" starttime="20230220 11:13:34.861" endtime="20230220 11:13:34.863"/>
</kw>
<kw name="Set Local Variable" library="BuiltIn">
<arg>${input_legs}</arg>
<arg>xpath://html/body/div/div/div[1]/div/div[1]/form/div[3]/input</arg>
<doc>Makes a variable available everywhere within the local scope.</doc>
<msg timestamp="20230220 11:13:34.867" level="INFO">${input_legs} = xpath://html/body/div/div/div[1]/div/div[1]/form/div[3]/input</msg>
<status status="PASS" starttime="20230220 11:13:34.864" endtime="20230220 11:13:34.868"/>
</kw>
<kw name="Set Local Variable" library="BuiltIn">
<arg>${input_address}</arg>
<arg>//*[@id="address"]</arg>
<doc>Makes a variable available everywhere within the local scope.</doc>
<msg timestamp="20230220 11:13:34.874" level="INFO">${input_address} = //*[@id="address"]</msg>
<status status="PASS" starttime="20230220 11:13:34.868" endtime="20230220 11:13:34.875"/>
</kw>
<kw name="Wait Until Element Is Visible" library="RPA.Browser.Selenium">
<arg>${input_head}</arg>
<doc>Waits until the element ``locator`` is visible.</doc>
<status status="PASS" starttime="20230220 11:13:34.875" endtime="20230220 11:13:35.024"/>
</kw>
<kw name="Wait Until Element Is Enabled" library="RPA.Browser.Selenium">
<arg>${input_head}</arg>
<doc>Waits until the element ``locator`` is enabled.</doc>
<status status="PASS" starttime="20230220 11:13:35.025" endtime="20230220 11:13:35.111"/>
</kw>
<kw name="Select From List By Value" library="RPA.Browser.Selenium">
<arg>${input_head}</arg>
<arg>${head}</arg>
<doc>Selects options from selection list ``locator`` by ``values``.</doc>
<msg timestamp="20230220 11:13:35.112" level="INFO">Selecting options from selection list '//*[@id="head"]' by value 4.</msg>
<status status="PASS" starttime="20230220 11:13:35.111" endtime="20230220 11:13:35.266"/>
</kw>
<kw name="Wait Until Element Is Enabled" library="RPA.Browser.Selenium">
<arg>${input_body}</arg>
<doc>Waits until the element ``locator`` is enabled.</doc>
<status status="PASS" starttime="20230220 11:13:35.267" endtime="20230220 11:13:35.327"/>
</kw>
<kw name="Select Radio Button" library="RPA.Browser.Selenium">
<arg>${input_body}</arg>
<arg>${body}</arg>
<doc>Sets the radio button group ``group_name`` to ``value``.</doc>
<msg timestamp="20230220 11:13:35.329" level="INFO">Selecting '1' from radio button 'body'.</msg>
<status status="PASS" starttime="20230220 11:13:35.327" endtime="20230220 11:13:35.443"/>
</kw>
<kw name="Wait Until Element Is Enabled" library="RPA.Browser.Selenium">
<arg>${input_legs}</arg>
<doc>Waits until the element ``locator`` is enabled.</doc>
<status status="PASS" starttime="20230220 11:13:35.443" endtime="20230220 11:13:35.486"/>
</kw>
<kw name="Input Text" library="RPA.Browser.Selenium">
<arg>${input_legs}</arg>
<arg>${legs}</arg>
<doc>Types the given ``text`` into the text field identified by ``locator``.</doc>
<msg timestamp="20230220 11:13:35.489" level="INFO">Typing text '5' into text field 'xpath://html/body/div/div/div[1]/div/div[1]/form/div[3]/input'.</msg>
<status status="PASS" starttime="20230220 11:13:35.487" endtime="20230220 11:13:36.962"/>
</kw>
<kw name="Wait Until Element Is Enabled" library="RPA.Browser.Selenium">
<arg>${input_address}</arg>
<doc>Waits until the element ``locator`` is enabled.</doc>
<status status="PASS" starttime="20230220 11:13:36.963" endtime="20230220 11:13:37.350"/>
</kw>
<kw name="Input Text" library="RPA.Browser.Selenium">
<arg>${input_address}</arg>
<arg>${address}</arg>
<doc>Types the given ``text`` into the text field identified by ``locator``.</doc>
<msg timestamp="20230220 11:13:37.352" level="INFO">Typing text 'Address 456' into text field '//*[@id="address"]'.</msg>
<status status="PASS" starttime="20230220 11:13:37.351" endtime="20230220 11:13:37.529"/>
</kw>
<status status="PASS" starttime="20230220 11:13:34.836" endtime="20230220 11:13:37.530"/>
</kw>
<kw name="Wait Until Keyword Succeeds" library="BuiltIn">
<arg>10x</arg>
<arg>2s</arg>
<arg>Preview the robot</arg>
<doc>Runs the specified keyword and retries if it fails.</doc>
<kw name="Preview the robot">
<kw name="Wait Until Element Is Visible" library="RPA.Browser.Selenium">
<arg>//*[@id="preview"]</arg>
<doc>Waits until the element ``locator`` is visible.</doc>
<status status="PASS" starttime="20230220 11:13:37.534" endtime="20230220 11:13:37.571"/>
</kw>
<kw name="Click Button" library="RPA.Browser.Selenium">
<arg>//*[@id="preview"]</arg>
<doc>Clicks the button identified by ``locator``.</doc>
<msg timestamp="20230220 11:13:37.573" level="INFO">Clicking button '//*[@id="preview"]'.</msg>
<status status="PASS" starttime="20230220 11:13:37.572" endtime="20230220 11:13:37.675"/>
</kw>
<kw name="Wait Until Element Is Visible" library="RPA.Browser.Selenium">
<arg>//*[@id="robot-preview-image"]</arg>
<doc>Waits until the element ``locator`` is visible.</doc>
<status status="PASS" starttime="20230220 11:13:37.676" endtime="20230220 11:13:37.704"/>
</kw>
<status status="PASS" starttime="20230220 11:13:37.533" endtime="20230220 11:13:37.705"/>
</kw>
<status status="PASS" starttime="20230220 11:13:37.531" endtime="20230220 11:13:37.705"/>
</kw>
<kw name="Wait Until Keyword Succeeds" library="BuiltIn">
<arg>10x</arg>
<arg>2s</arg>
<arg>Submit the order</arg>
<doc>Runs the specified keyword and retries if it fails.</doc>
<kw name="Submit the order">
<kw name="Mute Run On Failure" library="RPA.RobotLogListener">
<arg>Page Should Contain Element</arg>
<doc>Set keywords which should not execute `SeleniumLibrary`
default behaviour of running keyword on failure.</doc>
<kw name="Get Library Instance" library="BuiltIn">
<arg>RPA.Browser</arg>
<doc>Returns the currently active instance of the specified library.</doc>
<msg timestamp="20230220 11:13:37.712" level="FAIL">No library 'RPA.Browser' found.</msg>
<status status="FAIL" starttime="20230220 11:13:37.711" endtime="20230220 11:13:37.713"/>
</kw>
<kw name="Get Library Instance" library="BuiltIn">
<arg>RPA.Browser.Selenium</arg>
<doc>Returns the currently active instance of the specified library.</doc>
<status status="PASS" starttime="20230220 11:13:37.714" endtime="20230220 11:13:37.715"/>
</kw>
<status status="PASS" starttime="20230220 11:13:37.709" endtime="20230220 11:13:37.715"/>
</kw>
<kw name="Click Button" library="RPA.Browser.Selenium">
<arg>//*[@id="order"]</arg>
<doc>Clicks the button identified by ``locator``.</doc>
<msg timestamp="20230220 11:13:37.717" level="INFO">Clicking button '//*[@id="order"]'.</msg>
<status status="PASS" starttime="20230220 11:13:37.716" endtime="20230220 11:13:37.838"/>
</kw>
<kw name="Page Should Contain Element" library="RPA.Browser.Selenium">
<arg>//*[@id="receipt"]</arg>
<doc>Verifies that element ``locator`` is found on the current page.</doc>
<msg timestamp="20230220 11:13:37.839" level="INFO">No keyword will be run on failure.</msg>
<msg timestamp="20230220 11:13:37.839" level="INFO">No keyword will be run on failure.</msg>
<msg timestamp="20230220 11:13:37.854" level="INFO">Current page contains element '//*[@id="receipt"]'.</msg>
<status status="PASS" starttime="20230220 11:13:37.838" endtime="20230220 11:13:37.855"/>
</kw>
<status status="PASS" starttime="20230220 11:13:37.708" endtime="20230220 11:13:37.856"/>
</kw>
<status status="PASS" starttime="20230220 11:13:37.706" endtime="20230220 11:13:37.857"/>
</kw>
<kw name="Store the receipt as a PDF file">
<var>${pdf}</var>
<arg>${row}[Order number]</arg>
<kw name="Get Element Attribute" library="RPA.Browser.Selenium">
<var>${order_receipt_html}</var>
<arg>//*[@id="receipt"]</arg>
<arg>outerHTML</arg>
<doc>Returns the value of ``attribute`` from the element ``locator``.</doc>
<msg timestamp="20230220 11:13:37.888" level="INFO">${order_receipt_html} = &lt;div id="receipt" class="alert alert-success" role="alert"&gt;&lt;h3&gt;Receipt&lt;/h3&gt;&lt;div&gt;2023-02-20T10:13:37.827Z&lt;/div&gt;&lt;p class="badge badge-success"&gt;RSB-ROBO-ORDER-9QZ6UA5GGK&lt;/p&gt;&lt;p&gt;Address 456&lt;/p&gt;&lt;div id="par...</msg>
<status status="PASS" starttime="20230220 11:13:37.860" endtime="20230220 11:13:37.888"/>
</kw>
<kw name="Set Local Variable" library="BuiltIn">
<arg>${pdf_path}</arg>
<arg>${output}${/}receipts${/}${rowxx}.pdf</arg>
<doc>Makes a variable available everywhere within the local scope.</doc>
<msg timestamp="20230220 11:13:37.894" level="INFO">${pdf_path} = d:\WORK\ROBOcorp c2\output\receipts\2.pdf</msg>
<status status="PASS" starttime="20230220 11:13:37.890" endtime="20230220 11:13:37.894"/>
</kw>
<kw name="Html To Pdf" library="RPA.PDF">
<arg>content=${order_receipt_html}</arg>
<arg>output_path=${pdf_path}</arg>
<doc>Generate a PDF file from HTML content.</doc>
<msg timestamp="20230220 11:13:37.898" level="INFO">Writing output to file D:\WORK\ROBOcorp c2\output\receipts\2.pdf</msg>
<msg timestamp="20230220 11:13:38.285" level="INFO">maxp pruned</msg>
<msg timestamp="20230220 11:13:38.286" level="INFO">cmap pruned</msg>
<msg timestamp="20230220 11:13:38.287" level="INFO">post pruned</msg>
<msg timestamp="20230220 11:13:38.287" level="INFO">GDEF dropped</msg>
<msg timestamp="20230220 11:13:38.288" level="INFO">GPOS dropped</msg>
<msg timestamp="20230220 11:13:38.288" level="INFO">GSUB dropped</msg>
<msg timestamp="20230220 11:13:38.292" level="INFO">name pruned</msg>
<msg timestamp="20230220 11:13:38.309" level="INFO">glyf pruned</msg>
<msg timestamp="20230220 11:13:38.311" level="INFO">Added gid0 to subset</msg>
<msg timestamp="20230220 11:13:38.311" level="INFO">Added first four glyphs to subset</msg>
<msg timestamp="20230220 11:13:38.312" level="INFO">Closing glyph list over 'glyf': 59 glyphs before</msg>
<msg timestamp="20230220 11:13:38.312" level="INFO">Glyph names: ['.notdef', '.null', 'uni0020', 'uni0021', 'uni002D', 'uni002E', 'uni0030', 'uni0031', 'uni0032', 'uni0033', 'uni0034', 'uni0035', 'uni0036', 'uni0037', 'uni0038', 'uni0039', 'uni003A', 'uni0041', 'uni0042', 'uni0044', 'uni0045', 'uni0047', 'uni0048', 'uni004B', 'uni004C', 'uni004F', 'uni0051', 'uni0052', 'uni0053', 'uni0054', 'uni0055', 'uni0057', 'uni0059', 'uni005A', 'uni0061', 'uni0062', 'uni0063', 'uni0064', 'uni0065', 'uni0066', 'uni0067', 'uni0068', 'uni0069', 'uni006B', 'uni006C', 'uni006D', 'uni006E', 'uni006F', 'uni0070', 'uni0072', 'uni0073', 'uni0074', 'uni0075', 'uni0076', 'uni0077', 'uni0079', 'uni007B', 'uni007D', 'uni00C4']</msg>
<msg timestamp="20230220 11:13:38.314" level="INFO">Glyph IDs:   [0, 1, 2, 3, 65, 84, 95, 141, 161, 270, 280, 320, 381, 382, 395, 409, 421, 456, 469, 493, 504, 575, 582, 594, 612, 645, 650, 660, 679, 715, 723, 752, 759, 775, 827, 837, 867, 884, 899, 932, 936, 950, 1294, 1295, 1296, 1298, 1299, 1300, 1302, 1303, 1304, 1305, 1329, 1345, 1346, 1361, 1404, 1407, 1681]</msg>
<msg timestamp="20230220 11:13:38.315" level="INFO">Closed glyph list over 'glyf': 59 glyphs after</msg>
<msg timestamp="20230220 11:13:38.315" level="INFO">Glyph names: ['.notdef', '.null', 'uni0020', 'uni0021', 'uni002D', 'uni002E', 'uni0030', 'uni0031', 'uni0032', 'uni0033', 'uni0034', 'uni0035', 'uni0036', 'uni0037', 'uni0038', 'uni0039', 'uni003A', 'uni0041', 'uni0042', 'uni0044', 'uni0045', 'uni0047', 'uni0048', 'uni004B', 'uni004C', 'uni004F', 'uni0051', 'uni0052', 'uni0053', 'uni0054', 'uni0055', 'uni0057', 'uni0059', 'uni005A', 'uni0061', 'uni0062', 'uni0063', 'uni0064', 'uni0065', 'uni0066', 'uni0067', 'uni0068', 'uni0069', 'uni006B', 'uni006C', 'uni006D', 'uni006E', 'uni006F', 'uni0070', 'uni0072', 'uni0073', 'uni0074', 'uni0075', 'uni0076', 'uni0077', 'uni0079', 'uni007B', 'uni007D', 'uni00C4']</msg>
<msg timestamp="20230220 11:13:38.316" level="INFO">Glyph IDs:   [0, 1, 2, 3, 65, 84, 95, 141, 161, 270, 280, 320, 381, 382, 395, 409, 421, 456, 469, 493, 504, 575, 582, 594, 612, 645, 650, 660, 679, 715, 723, 752, 759, 775, 827, 837, 867, 884, 899, 932, 936, 950, 1294, 1295, 1296, 1298, 1299, 1300, 1302, 1303, 1304, 1305, 1329, 1345, 1346, 1361, 1404, 1407, 1681]</msg>
<msg timestamp="20230220 11:13:38.318" level="INFO">Retaining 59 glyphs</msg>
<msg timestamp="20230220 11:13:38.319" level="INFO">head subsetting not needed</msg>
<msg timestamp="20230220 11:13:38.319" level="INFO">hhea subsetting not needed</msg>
<msg timestamp="20230220 11:13:38.320" level="INFO">maxp subsetting not needed</msg>
<msg timestamp="20230220 11:13:38.321" level="INFO">OS/2 subsetting not needed</msg>
<msg timestamp="20230220 11:13:38.327" level="INFO">hmtx subsetted</msg>
<msg timestamp="20230220 11:13:38.332" level="INFO">cmap subsetted</msg>
<msg timestamp="20230220 11:13:38.332" level="INFO">prep subsetting not needed</msg>
<msg timestamp="20230220 11:13:38.333" level="INFO">loca subsetting not needed</msg>
<msg timestamp="20230220 11:13:38.333" level="INFO">post subsetted</msg>
<msg timestamp="20230220 11:13:38.333" level="INFO">gasp subsetting not needed</msg>
<msg timestamp="20230220 11:13:38.334" level="INFO">STAT subsetting not needed</msg>
<msg timestamp="20230220 11:13:38.335" level="INFO">name subsetting not needed</msg>
<msg timestamp="20230220 11:13:38.337" level="INFO">glyf subsetted</msg>
<msg timestamp="20230220 11:13:38.338" level="INFO">head pruned</msg>
<msg timestamp="20230220 11:13:38.340" level="INFO">OS/2 Unicode ranges pruned: [0]</msg>
<msg timestamp="20230220 11:13:38.349" level="INFO">glyf pruned</msg>
<msg timestamp="20230220 11:13:38.454" level="INFO">maxp pruned</msg>
<msg timestamp="20230220 11:13:38.455" level="INFO">cmap pruned</msg>
<msg timestamp="20230220 11:13:38.456" level="INFO">post pruned</msg>
<msg timestamp="20230220 11:13:38.456" level="INFO">GDEF dropped</msg>
<msg timestamp="20230220 11:13:38.456" level="INFO">GPOS dropped</msg>
<msg timestamp="20230220 11:13:38.457" level="INFO">GSUB dropped</msg>
<msg timestamp="20230220 11:13:38.460" level="INFO">name pruned</msg>
<msg timestamp="20230220 11:13:38.469" level="INFO">glyf pruned</msg>
<msg timestamp="20230220 11:13:38.471" level="INFO">Added gid0 to subset</msg>
<msg timestamp="20230220 11:13:38.471" level="INFO">Added first four glyphs to subset</msg>
<msg timestamp="20230220 11:13:38.471" level="INFO">Closing glyph list over 'glyf': 19 glyphs before</msg>
<msg timestamp="20230220 11:13:38.479" level="INFO">Glyph names: ['.notdef', '.null', 'uni0020', 'uni0030', 'uni0031', 'uni0032', 'uni0033', 'uni0034', 'uni0035', 'uni0036', 'uni0037', 'uni0038', 'uni0039', 'uni0041', 'uni0062', 'uni006E', 'uni007B', 'uni007D', 'uni00C4']</msg>
<msg timestamp="20230220 11:13:38.480" level="INFO">Glyph IDs:   [0, 1, 2, 3, 575, 759, 1294, 1295, 1296, 1298, 1299, 1300, 1302, 1303, 1304, 1305, 1345, 1346, 1681]</msg>
<msg timestamp="20230220 11:13:38.481" level="INFO">Closed glyph list over 'glyf': 19 glyphs after</msg>
<msg timestamp="20230220 11:13:38.481" level="INFO">Glyph names: ['.notdef', '.null', 'uni0020', 'uni0030', 'uni0031', 'uni0032', 'uni0033', 'uni0034', 'uni0035', 'uni0036', 'uni0037', 'uni0038', 'uni0039', 'uni0041', 'uni0062', 'uni006E', 'uni007B', 'uni007D', 'uni00C4']</msg>
<msg timestamp="20230220 11:13:38.482" level="INFO">Glyph IDs:   [0, 1, 2, 3, 575, 759, 1294, 1295, 1296, 1298, 1299, 1300, 1302, 1303, 1304, 1305, 1345, 1346, 1681]</msg>
<msg timestamp="20230220 11:13:38.483" level="INFO">Retaining 19 glyphs</msg>
<msg timestamp="20230220 11:13:38.484" level="INFO">head subsetting not needed</msg>
<msg timestamp="20230220 11:13:38.485" level="INFO">hhea subsetting not needed</msg>
<msg timestamp="20230220 11:13:38.485" level="INFO">maxp subsetting not needed</msg>
<msg timestamp="20230220 11:13:38.486" level="INFO">OS/2 subsetting not needed</msg>
<msg timestamp="20230220 11:13:38.490" level="INFO">hmtx subsetted</msg>
<msg timestamp="20230220 11:13:38.494" level="INFO">cmap subsetted</msg>
<msg timestamp="20230220 11:13:38.495" level="INFO">prep subsetting not needed</msg>
<msg timestamp="20230220 11:13:38.496" level="INFO">loca subsetting not needed</msg>
<msg timestamp="20230220 11:13:38.496" level="INFO">post subsetted</msg>
<msg timestamp="20230220 11:13:38.496" level="INFO">gasp subsetting not needed</msg>
<msg timestamp="20230220 11:13:38.497" level="INFO">STAT subsetting not needed</msg>
<msg timestamp="20230220 11:13:38.498" level="INFO">name subsetting not needed</msg>
<msg timestamp="20230220 11:13:38.501" level="INFO">glyf subsetted</msg>
<msg timestamp="20230220 11:13:38.502" level="INFO">head pruned</msg>
<msg timestamp="20230220 11:13:38.503" level="INFO">OS/2 Unicode ranges pruned: [0]</msg>
<msg timestamp="20230220 11:13:38.505" level="INFO">glyf pruned</msg>
<msg timestamp="20230220 11:13:38.587" level="INFO">maxp pruned</msg>
<msg timestamp="20230220 11:13:38.588" level="INFO">cmap pruned</msg>
<msg timestamp="20230220 11:13:38.588" level="INFO">post pruned</msg>
<msg timestamp="20230220 11:13:38.589" level="INFO">GDEF dropped</msg>
<msg timestamp="20230220 11:13:38.593" level="INFO">GPOS dropped</msg>
<msg timestamp="20230220 11:13:38.594" level="INFO">GSUB dropped</msg>
<msg timestamp="20230220 11:13:38.596" level="INFO">name pruned</msg>
<msg timestamp="20230220 11:13:38.630" level="INFO">glyf pruned</msg>
<msg timestamp="20230220 11:13:38.638" level="INFO">Added gid0 to subset</msg>
<msg timestamp="20230220 11:13:38.639" level="INFO">Added first four glyphs to subset</msg>
<msg timestamp="20230220 11:13:38.639" level="INFO">Closing glyph list over 'glyf': 18 glyphs before</msg>
<msg timestamp="20230220 11:13:38.640" level="INFO">Glyph names: ['.notdef', '.null', 'uni0020', 'uni0030', 'uni0031', 'uni0032', 'uni0033', 'uni0034', 'uni0035', 'uni0036', 'uni0037', 'uni0038', 'uni0039', 'uni0062', 'uni006E', 'uni007B', 'uni007D', 'uni00A0']</msg>
<msg timestamp="20230220 11:13:38.642" level="INFO">Glyph IDs:   [0, 1, 2, 3, 544, 727, 1256, 1257, 1258, 1260, 1261, 1262, 1264, 1265, 1266, 1267, 1307, 1308]</msg>
<msg timestamp="20230220 11:13:38.642" level="INFO">Closed glyph list over 'glyf': 18 glyphs after</msg>
<msg timestamp="20230220 11:13:38.723" level="INFO">Glyph names: ['.notdef', '.null', 'uni0020', 'uni0030', 'uni0031', 'uni0032', 'uni0033', 'uni0034', 'uni0035', 'uni0036', 'uni0037', 'uni0038', 'uni0039', 'uni0062', 'uni006E', 'uni007B', 'uni007D', 'uni00A0']</msg>
<msg timestamp="20230220 11:13:38.725" level="INFO">Glyph IDs:   [0, 1, 2, 3, 544, 727, 1256, 1257, 1258, 1260, 1261, 1262, 1264, 1265, 1266, 1267, 1307, 1308]</msg>
<msg timestamp="20230220 11:13:38.727" level="INFO">Retaining 18 glyphs</msg>
<msg timestamp="20230220 11:13:38.728" level="INFO">head subsetting not needed</msg>
<msg timestamp="20230220 11:13:38.728" level="INFO">hhea subsetting not needed</msg>
<msg timestamp="20230220 11:13:38.729" level="INFO">maxp subsetting not needed</msg>
<msg timestamp="20230220 11:13:38.729" level="INFO">OS/2 subsetting not needed</msg>
<msg timestamp="20230220 11:13:38.735" level="INFO">hmtx subsetted</msg>
<msg timestamp="20230220 11:13:38.738" level="INFO">cmap subsetted</msg>
<msg timestamp="20230220 11:13:38.739" level="INFO">loca subsetting not needed</msg>
<msg timestamp="20230220 11:13:38.740" level="INFO">post subsetted</msg>
<msg timestamp="20230220 11:13:38.740" level="INFO">name subsetting not needed</msg>
<msg timestamp="20230220 11:13:38.743" level="INFO">glyf subsetted</msg>
<msg timestamp="20230220 11:13:38.745" level="INFO">head pruned</msg>
<msg timestamp="20230220 11:13:38.746" level="INFO">OS/2 Unicode ranges pruned: [0]</msg>
<msg timestamp="20230220 11:13:38.747" level="INFO">glyf pruned</msg>
<msg timestamp="20230220 11:13:38.838" level="INFO">maxp pruned</msg>
<msg timestamp="20230220 11:13:38.838" level="INFO">cmap pruned</msg>
<msg timestamp="20230220 11:13:38.839" level="INFO">post pruned</msg>
<msg timestamp="20230220 11:13:38.839" level="INFO">GDEF dropped</msg>
<msg timestamp="20230220 11:13:38.840" level="INFO">GPOS dropped</msg>
<msg timestamp="20230220 11:13:38.840" level="INFO">GSUB dropped</msg>
<msg timestamp="20230220 11:13:38.868" level="INFO">name pruned</msg>
<msg timestamp="20230220 11:13:38.878" level="INFO">glyf pruned</msg>
<msg timestamp="20230220 11:13:38.887" level="INFO">Added gid0 to subset</msg>
<msg timestamp="20230220 11:13:38.888" level="INFO">Added first four glyphs to subset</msg>
<msg timestamp="20230220 11:13:38.888" level="INFO">Closing glyph list over 'glyf': 18 glyphs before</msg>
<msg timestamp="20230220 11:13:38.888" level="INFO">Glyph names: ['.notdef', '.null', 'uni0020', 'uni0030', 'uni0031', 'uni0032', 'uni0033', 'uni0034', 'uni0035', 'uni0036', 'uni0037', 'uni0038', 'uni0039', 'uni0062', 'uni006E', 'uni007B', 'uni007D', 'uni00A0']</msg>
<msg timestamp="20230220 11:13:38.889" level="INFO">Glyph IDs:   [0, 1, 2, 3, 544, 727, 1256, 1257, 1258, 1260, 1261, 1262, 1264, 1265, 1266, 1267, 1307, 1308]</msg>
<msg timestamp="20230220 11:13:38.889" level="INFO">Closed glyph list over 'glyf': 18 glyphs after</msg>
<msg timestamp="20230220 11:13:38.890" level="INFO">Glyph names: ['.notdef', '.null', 'uni0020', 'uni0030', 'uni0031', 'uni0032', 'uni0033', 'uni0034', 'uni0035', 'uni0036', 'uni0037', 'uni0038', 'uni0039', 'uni0062', 'uni006E', 'uni007B', 'uni007D', 'uni00A0']</msg>
<msg timestamp="20230220 11:13:38.890" level="INFO">Glyph IDs:   [0, 1, 2, 3, 544, 727, 1256, 1257, 1258, 1260, 1261, 1262, 1264, 1265, 1266, 1267, 1307, 1308]</msg>
<msg timestamp="20230220 11:13:38.892" level="INFO">Retaining 18 glyphs</msg>
<msg timestamp="20230220 11:13:38.893" level="INFO">head subsetting not needed</msg>
<msg timestamp="20230220 11:13:38.893" level="INFO">hhea subsetting not needed</msg>
<msg timestamp="20230220 11:13:38.894" level="INFO">maxp subsetting not needed</msg>
<msg timestamp="20230220 11:13:38.894" level="INFO">OS/2 subsetting not needed</msg>
<msg timestamp="20230220 11:13:38.898" level="INFO">hmtx subsetted</msg>
<msg timestamp="20230220 11:13:38.900" level="INFO">cmap subsetted</msg>
<msg timestamp="20230220 11:13:38.901" level="INFO">loca subsetting not needed</msg>
<msg timestamp="20230220 11:13:38.922" level="INFO">post subsetted</msg>
<msg timestamp="20230220 11:13:38.923" level="INFO">name subsetting not needed</msg>
<msg timestamp="20230220 11:13:38.932" level="INFO">glyf subsetted</msg>
<msg timestamp="20230220 11:13:38.934" level="INFO">head pruned</msg>
<msg timestamp="20230220 11:13:38.936" level="INFO">OS/2 Unicode ranges pruned: [0]</msg>
<msg timestamp="20230220 11:13:38.939" level="INFO">glyf pruned</msg>
<status status="PASS" starttime="20230220 11:13:37.895" endtime="20230220 11:13:39.049"/>
</kw>
<return>
<value>${pdf_path}</value>
<status status="PASS" starttime="20230220 11:13:39.049" endtime="20230220 11:13:39.050"/>
</return>
<msg timestamp="20230220 11:13:39.051" level="INFO">${pdf} = d:\WORK\ROBOcorp c2\output\receipts\2.pdf</msg>
<status status="PASS" starttime="20230220 11:13:37.858" endtime="20230220 11:13:39.052"/>
</kw>
<kw name="Take a screenshot of the robot">
<var>${screenshot}</var>
<arg>${row}[Order number]</arg>
<kw name="Wait Until Element Is Visible" library="RPA.Browser.Selenium">
<arg>(//div[@id='robot-preview-image'])[1]</arg>
<doc>Waits until the element ``locator`` is visible.</doc>
<status status="PASS" starttime="20230220 11:13:39.055" endtime="20230220 11:13:39.379"/>
</kw>
<kw name="Set Local Variable" library="BuiltIn">
<arg>${Sc_path}</arg>
<arg>${output}${/}screenshots${/}${rowxx}.PNG</arg>
<doc>Makes a variable available everywhere within the local scope.</doc>
<msg timestamp="20230220 11:13:39.384" level="INFO">${Sc_path} = d:\WORK\ROBOcorp c2\output\screenshots\2.PNG</msg>
<status status="PASS" starttime="20230220 11:13:39.380" endtime="20230220 11:13:39.385"/>
</kw>
<kw name="Capture Element Screenshot" library="RPA.Browser.Selenium">
<arg>(//div[@id='robot-preview-image'])[1]</arg>
<arg>${Sc_path}</arg>
<doc>Captures a screenshot from the element identified by ``locator`` and embeds it into log file.</doc>
<msg timestamp="20230220 11:13:39.747" level="INFO" html="true">&lt;/td&gt;&lt;/tr&gt;&lt;tr&gt;&lt;td colspan="3"&gt;&lt;a href="file:///D:/WORK/ROBOcorp%20c2/output/screenshots/2.PNG"&gt;&lt;img src="file:///D:/WORK/ROBOcorp%20c2/output/screenshots/2.PNG" width="400px"&gt;&lt;/a&gt;</msg>
<status status="PASS" starttime="20230220 11:13:39.386" endtime="20230220 11:13:39.748"/>
</kw>
<return>
<value>${Sc_path}</value>
<status status="PASS" starttime="20230220 11:13:39.748" endtime="20230220 11:13:39.749"/>
</return>
<msg timestamp="20230220 11:13:39.750" level="INFO">${screenshot} = d:\WORK\ROBOcorp c2\output\screenshots\2.PNG</msg>
<status status="PASS" starttime="20230220 11:13:39.053" endtime="20230220 11:13:39.750"/>
</kw>
<kw name="Embed the robot screenshot to the receipt PDF file">
<arg>${screenshot}</arg>
<arg>${pdf}</arg>
<kw name="Add Watermark Image To Pdf" library="RPA.PDF">
<arg>${SC}</arg>
<arg>${PDF}</arg>
<arg>${PDF}</arg>
<doc>Add an image into an existing or new PDF.</doc>
<msg timestamp="20230220 11:13:39.887" level="WARN">Object 7 0 found</msg>
<msg timestamp="20230220 11:13:39.897" level="WARN">Overwriting cache for 0 7</msg>
<msg timestamp="20230220 11:13:39.911" level="WARN">Object 14 0 found</msg>
<msg timestamp="20230220 11:13:39.980" level="WARN">Overwriting cache for 0 14</msg>
<msg timestamp="20230220 11:13:40.079" level="WARN">Object 21 0 found</msg>
<msg timestamp="20230220 11:13:40.107" level="WARN">Overwriting cache for 0 21</msg>
<msg timestamp="20230220 11:13:40.116" level="WARN">Object 28 0 found</msg>
<msg timestamp="20230220 11:13:40.157" level="WARN">Overwriting cache for 0 28</msg>
<status status="PASS" starttime="20230220 11:13:39.752" endtime="20230220 11:13:40.205"/>
</kw>
<status status="PASS" starttime="20230220 11:13:39.750" endtime="20230220 11:13:40.206"/>
</kw>
<kw name="Go to order another robot">
<kw name="Click Button" library="RPA.Browser.Selenium">
<arg>//*[@id="order-another"]</arg>
<doc>Clicks the button identified by ``locator``.</doc>
<msg timestamp="20230220 11:13:40.216" level="INFO">Clicking button '//*[@id="order-another"]'.</msg>
<status status="PASS" starttime="20230220 11:13:40.215" endtime="20230220 11:13:41.172"/>
</kw>
<kw name="Sleep" library="BuiltIn">
<arg>1s</arg>
<doc>Pauses the test executed for the given time.</doc>
<msg timestamp="20230220 11:13:42.177" level="INFO">Slept 1 second</msg>
<status status="PASS" starttime="20230220 11:13:41.173" endtime="20230220 11:13:42.177"/>
</kw>
<status status="PASS" starttime="20230220 11:13:40.207" endtime="20230220 11:13:42.180"/>
</kw>
<status status="PASS" starttime="20230220 11:13:34.687" endtime="20230220 11:13:42.181"/>
</iter>
<iter>
<var name="${row}">{'Order number': '3', 'Head': '6', 'Body': '2', 'Legs': '3', 'Address': 'Address 789'}</var>
<kw name="Close the annoying modal">
<kw name="Wait Until Element Is Visible" library="RPA.Browser.Selenium">
<arg>//div[@class='modal-header']</arg>
<doc>Waits until the element ``locator`` is visible.</doc>
<status status="PASS" starttime="20230220 11:13:42.183" endtime="20230220 11:13:42.548"/>
</kw>
<kw name="Click Button" library="RPA.Browser.Selenium">
<arg>//button[normalize-space()='OK']</arg>
<doc>Clicks the button identified by ``locator``.</doc>
<msg timestamp="20230220 11:13:42.550" level="INFO">Clicking button '//button[normalize-space()='OK']'.</msg>
<status status="PASS" starttime="20230220 11:13:42.549" endtime="20230220 11:13:42.793"/>
</kw>
<status status="PASS" starttime="20230220 11:13:42.182" endtime="20230220 11:13:42.794"/>
</kw>
<kw name="Fill the form">
<arg>${row}</arg>
<kw name="Set Local Variable" library="BuiltIn">
<arg>${head}</arg>
<arg>${myrow}[Head]</arg>
<doc>Makes a variable available everywhere within the local scope.</doc>
<msg timestamp="20230220 11:13:42.801" level="INFO">${head} = 6</msg>
<status status="PASS" starttime="20230220 11:13:42.797" endtime="20230220 11:13:42.801"/>
</kw>
<kw name="Set Local Variable" library="BuiltIn">
<arg>${body}</arg>
<arg>${myrow}[Body]</arg>
<doc>Makes a variable available everywhere within the local scope.</doc>
<msg timestamp="20230220 11:13:42.806" level="INFO">${body} = 2</msg>
<status status="PASS" starttime="20230220 11:13:42.802" endtime="20230220 11:13:42.807"/>
</kw>
<kw name="Set Local Variable" library="BuiltIn">
<arg>${legs}</arg>
<arg>${myrow}[Legs]</arg>
<doc>Makes a variable available everywhere within the local scope.</doc>
<msg timestamp="20230220 11:13:42.810" level="INFO">${legs} = 3</msg>
<status status="PASS" starttime="20230220 11:13:42.807" endtime="20230220 11:13:42.811"/>
</kw>
<kw name="Set Local Variable" library="BuiltIn">
<arg>${address}</arg>
<arg>${myrow}[Address]</arg>
<doc>Makes a variable available everywhere within the local scope.</doc>
<msg timestamp="20230220 11:13:42.816" level="INFO">${address} = Address 789</msg>
<status status="PASS" starttime="20230220 11:13:42.812" endtime="20230220 11:13:42.816"/>
</kw>
<kw name="Set Local Variable" library="BuiltIn">
<arg>${input_head}</arg>
<arg>//*[@id="head"]</arg>
<doc>Makes a variable available everywhere within the local scope.</doc>
<msg timestamp="20230220 11:13:42.820" level="INFO">${input_head} = //*[@id="head"]</msg>
<status status="PASS" starttime="20230220 11:13:42.817" endtime="20230220 11:13:42.821"/>
</kw>
<kw name="Set Local Variable" library="BuiltIn">
<arg>${input_body}</arg>
<arg>body</arg>
<doc>Makes a variable available everywhere within the local scope.</doc>
<msg timestamp="20230220 11:13:42.825" level="INFO">${input_body} = body</msg>
<status status="PASS" starttime="20230220 11:13:42.821" endtime="20230220 11:13:42.825"/>
</kw>
<kw name="Set Local Variable" library="BuiltIn">
<arg>${input_legs}</arg>
<arg>xpath://html/body/div/div/div[1]/div/div[1]/form/div[3]/input</arg>
<doc>Makes a variable available everywhere within the local scope.</doc>
<msg timestamp="20230220 11:13:42.831" level="INFO">${input_legs} = xpath://html/body/div/div/div[1]/div/div[1]/form/div[3]/input</msg>
<status status="PASS" starttime="20230220 11:13:42.826" endtime="20230220 11:13:42.831"/>
</kw>
<kw name="Set Local Variable" library="BuiltIn">
<arg>${input_address}</arg>
<arg>//*[@id="address"]</arg>
<doc>Makes a variable available everywhere within the local scope.</doc>
<msg timestamp="20230220 11:13:42.839" level="INFO">${input_address} = //*[@id="address"]</msg>
<status status="PASS" starttime="20230220 11:13:42.832" endtime="20230220 11:13:42.840"/>
</kw>
<kw name="Wait Until Element Is Visible" library="RPA.Browser.Selenium">
<arg>${input_head}</arg>
<doc>Waits until the element ``locator`` is visible.</doc>
<status status="PASS" starttime="20230220 11:13:42.841" endtime="20230220 11:13:42.974"/>
</kw>
<kw name="Wait Until Element Is Enabled" library="RPA.Browser.Selenium">
<arg>${input_head}</arg>
<doc>Waits until the element ``locator`` is enabled.</doc>
<status status="PASS" starttime="20230220 11:13:42.975" endtime="20230220 11:13:43.110"/>
</kw>
<kw name="Select From List By Value" library="RPA.Browser.Selenium">
<arg>${input_head}</arg>
<arg>${head}</arg>
<doc>Selects options from selection list ``locator`` by ``values``.</doc>
<msg timestamp="20230220 11:13:43.113" level="INFO">Selecting options from selection list '//*[@id="head"]' by value 6.</msg>
<status status="PASS" starttime="20230220 11:13:43.111" endtime="20230220 11:13:43.359"/>
</kw>
<kw name="Wait Until Element Is Enabled" library="RPA.Browser.Selenium">
<arg>${input_body}</arg>
<doc>Waits until the element ``locator`` is enabled.</doc>
<status status="PASS" starttime="20230220 11:13:43.360" endtime="20230220 11:13:43.504"/>
</kw>
<kw name="Select Radio Button" library="RPA.Browser.Selenium">
<arg>${input_body}</arg>
<arg>${body}</arg>
<doc>Sets the radio button group ``group_name`` to ``value``.</doc>
<msg timestamp="20230220 11:13:43.506" level="INFO">Selecting '2' from radio button 'body'.</msg>
<status status="PASS" starttime="20230220 11:13:43.505" endtime="20230220 11:13:43.702"/>
</kw>
<kw name="Wait Until Element Is Enabled" library="RPA.Browser.Selenium">
<arg>${input_legs}</arg>
<doc>Waits until the element ``locator`` is enabled.</doc>
<status status="PASS" starttime="20230220 11:13:43.703" endtime="20230220 11:13:43.854"/>
</kw>
<kw name="Input Text" library="RPA.Browser.Selenium">
<arg>${input_legs}</arg>
<arg>${legs}</arg>
<doc>Types the given ``text`` into the text field identified by ``locator``.</doc>
<msg timestamp="20230220 11:13:43.857" level="INFO">Typing text '3' into text field 'xpath://html/body/div/div/div[1]/div/div[1]/form/div[3]/input'.</msg>
<status status="PASS" starttime="20230220 11:13:43.855" endtime="20230220 11:13:44.125"/>
</kw>
<kw name="Wait Until Element Is Enabled" library="RPA.Browser.Selenium">
<arg>${input_address}</arg>
<doc>Waits until the element ``locator`` is enabled.</doc>
<status status="PASS" starttime="20230220 11:13:44.126" endtime="20230220 11:13:44.419"/>
</kw>
<kw name="Input Text" library="RPA.Browser.Selenium">
<arg>${input_address}</arg>
<arg>${address}</arg>
<doc>Types the given ``text`` into the text field identified by ``locator``.</doc>
<msg timestamp="20230220 11:13:44.421" level="INFO">Typing text 'Address 789' into text field '//*[@id="address"]'.</msg>
<status status="PASS" starttime="20230220 11:13:44.420" endtime="20230220 11:13:44.990"/>
</kw>
<status status="PASS" starttime="20230220 11:13:42.795" endtime="20230220 11:13:44.991"/>
</kw>
<kw name="Wait Until Keyword Succeeds" library="BuiltIn">
<arg>10x</arg>
<arg>2s</arg>
<arg>Preview the robot</arg>
<doc>Runs the specified keyword and retries if it fails.</doc>
<kw name="Preview the robot">
<kw name="Wait Until Element Is Visible" library="RPA.Browser.Selenium">
<arg>//*[@id="preview"]</arg>
<doc>Waits until the element ``locator`` is visible.</doc>
<status status="PASS" starttime="20230220 11:13:44.995" endtime="20230220 11:13:45.117"/>
</kw>
<kw name="Click Button" library="RPA.Browser.Selenium">
<arg>//*[@id="preview"]</arg>
<doc>Clicks the button identified by ``locator``.</doc>
<msg timestamp="20230220 11:13:45.119" level="INFO">Clicking button '//*[@id="preview"]'.</msg>
<status status="PASS" starttime="20230220 11:13:45.118" endtime="20230220 11:13:45.251"/>
</kw>
<kw name="Wait Until Element Is Visible" library="RPA.Browser.Selenium">
<arg>//*[@id="robot-preview-image"]</arg>
<doc>Waits until the element ``locator`` is visible.</doc>
<status status="PASS" starttime="20230220 11:13:45.252" endtime="20230220 11:13:45.288"/>
</kw>
<status status="PASS" starttime="20230220 11:13:44.993" endtime="20230220 11:13:45.289"/>
</kw>
<status status="PASS" starttime="20230220 11:13:44.992" endtime="20230220 11:13:45.290"/>
</kw>
<kw name="Wait Until Keyword Succeeds" library="BuiltIn">
<arg>10x</arg>
<arg>2s</arg>
<arg>Submit the order</arg>
<doc>Runs the specified keyword and retries if it fails.</doc>
<kw name="Submit the order">
<kw name="Mute Run On Failure" library="RPA.RobotLogListener">
<arg>Page Should Contain Element</arg>
<doc>Set keywords which should not execute `SeleniumLibrary`
default behaviour of running keyword on failure.</doc>
<kw name="Get Library Instance" library="BuiltIn">
<arg>RPA.Browser</arg>
<doc>Returns the currently active instance of the specified library.</doc>
<msg timestamp="20230220 11:13:45.296" level="FAIL">No library 'RPA.Browser' found.</msg>
<status status="FAIL" starttime="20230220 11:13:45.294" endtime="20230220 11:13:45.299"/>
</kw>
<kw name="Get Library Instance" library="BuiltIn">
<arg>RPA.Browser.Selenium</arg>
<doc>Returns the currently active instance of the specified library.</doc>
<status status="PASS" starttime="20230220 11:13:45.300" endtime="20230220 11:13:45.301"/>
</kw>
<status status="PASS" starttime="20230220 11:13:45.293" endtime="20230220 11:13:45.301"/>
</kw>
<kw name="Click Button" library="RPA.Browser.Selenium">
<arg>//*[@id="order"]</arg>
<doc>Clicks the button identified by ``locator``.</doc>
<msg timestamp="20230220 11:13:45.303" level="INFO">Clicking button '//*[@id="order"]'.</msg>
<status status="PASS" starttime="20230220 11:13:45.302" endtime="20230220 11:13:45.559"/>
</kw>
<kw name="Page Should Contain Element" library="RPA.Browser.Selenium">
<arg>//*[@id="receipt"]</arg>
<doc>Verifies that element ``locator`` is found on the current page.</doc>
<msg timestamp="20230220 11:13:45.560" level="INFO">No keyword will be run on failure.</msg>
<msg timestamp="20230220 11:13:45.561" level="INFO">No keyword will be run on failure.</msg>
<msg timestamp="20230220 11:13:45.561" level="INFO">No keyword will be run on failure.</msg>
<msg timestamp="20230220 11:13:45.595" level="FAIL">Page should have contained element '//*[@id="receipt"]' but did not.</msg>
<status status="FAIL" starttime="20230220 11:13:45.560" endtime="20230220 11:13:45.600"/>
</kw>
<status status="FAIL" starttime="20230220 11:13:45.292" endtime="20230220 11:13:45.603"/>
</kw>
<kw name="Submit the order">
<kw name="Mute Run On Failure" library="RPA.RobotLogListener">
<arg>Page Should Contain Element</arg>
<doc>Set keywords which should not execute `SeleniumLibrary`
default behaviour of running keyword on failure.</doc>
<kw name="Get Library Instance" library="BuiltIn">
<arg>RPA.Browser</arg>
<doc>Returns the currently active instance of the specified library.</doc>
<msg timestamp="20230220 11:13:47.625" level="FAIL">No library 'RPA.Browser' found.</msg>
<status status="FAIL" starttime="20230220 11:13:47.622" endtime="20230220 11:13:47.627"/>
</kw>
<kw name="Get Library Instance" library="BuiltIn">
<arg>RPA.Browser.Selenium</arg>
<doc>Returns the currently active instance of the specified library.</doc>
<status status="PASS" starttime="20230220 11:13:47.630" endtime="20230220 11:13:47.631"/>
</kw>
<status status="PASS" starttime="20230220 11:13:47.621" endtime="20230220 11:13:47.632"/>
</kw>
<kw name="Click Button" library="RPA.Browser.Selenium">
<arg>//*[@id="order"]</arg>
<doc>Clicks the button identified by ``locator``.</doc>
<msg timestamp="20230220 11:13:47.639" level="INFO">Clicking button '//*[@id="order"]'.</msg>
<status status="PASS" starttime="20230220 11:13:47.637" endtime="20230220 11:13:47.749"/>
</kw>
<kw name="Page Should Contain Element" library="RPA.Browser.Selenium">
<arg>//*[@id="receipt"]</arg>
<doc>Verifies that element ``locator`` is found on the current page.</doc>
<msg timestamp="20230220 11:13:47.750" level="INFO">No keyword will be run on failure.</msg>
<msg timestamp="20230220 11:13:47.750" level="INFO">No keyword will be run on failure.</msg>
<msg timestamp="20230220 11:13:47.750" level="INFO">No keyword will be run on failure.</msg>
<msg timestamp="20230220 11:13:47.750" level="INFO">No keyword will be run on failure.</msg>
<msg timestamp="20230220 11:13:47.776" level="FAIL">Page should have contained element '//*[@id="receipt"]' but did not.</msg>
<status status="FAIL" starttime="20230220 11:13:47.750" endtime="20230220 11:13:47.777"/>
</kw>
<status status="FAIL" starttime="20230220 11:13:47.620" endtime="20230220 11:13:47.779"/>
</kw>
<kw name="Submit the order">
<kw name="Mute Run On Failure" library="RPA.RobotLogListener">
<arg>Page Should Contain Element</arg>
<doc>Set keywords which should not execute `SeleniumLibrary`
default behaviour of running keyword on failure.</doc>
<kw name="Get Library Instance" library="BuiltIn">
<arg>RPA.Browser</arg>
<doc>Returns the currently active instance of the specified library.</doc>
<msg timestamp="20230220 11:13:49.793" level="FAIL">No library 'RPA.Browser' found.</msg>
<status status="FAIL" starttime="20230220 11:13:49.792" endtime="20230220 11:13:49.796"/>
</kw>
<kw name="Get Library Instance" library="BuiltIn">
<arg>RPA.Browser.Selenium</arg>
<doc>Returns the currently active instance of the specified library.</doc>
<status status="PASS" starttime="20230220 11:13:49.798" endtime="20230220 11:13:49.799"/>
</kw>
<status status="PASS" starttime="20230220 11:13:49.790" endtime="20230220 11:13:49.799"/>
</kw>
<kw name="Click Button" library="RPA.Browser.Selenium">
<arg>//*[@id="order"]</arg>
<doc>Clicks the button identified by ``locator``.</doc>
<msg timestamp="20230220 11:13:49.800" level="INFO">Clicking button '//*[@id="order"]'.</msg>
<status status="PASS" starttime="20230220 11:13:49.800" endtime="20230220 11:13:49.886"/>
</kw>
<kw name="Page Should Contain Element" library="RPA.Browser.Selenium">
<arg>//*[@id="receipt"]</arg>
<doc>Verifies that element ``locator`` is found on the current page.</doc>
<msg timestamp="20230220 11:13:49.888" level="INFO">No keyword will be run on failure.</msg>
<msg timestamp="20230220 11:13:49.888" level="INFO">No keyword will be run on failure.</msg>
<msg timestamp="20230220 11:13:49.888" level="INFO">No keyword will be run on failure.</msg>
<msg timestamp="20230220 11:13:49.888" level="INFO">No keyword will be run on failure.</msg>
<msg timestamp="20230220 11:13:49.888" level="INFO">No keyword will be run on failure.</msg>
<msg timestamp="20230220 11:13:49.906" level="INFO">Current page contains element '//*[@id="receipt"]'.</msg>
<status status="PASS" starttime="20230220 11:13:49.887" endtime="20230220 11:13:49.907"/>
</kw>
<status status="PASS" starttime="20230220 11:13:49.789" endtime="20230220 11:13:49.908"/>
</kw>
<status status="PASS" starttime="20230220 11:13:45.291" endtime="20230220 11:13:49.908"/>
</kw>
<kw name="Store the receipt as a PDF file">
<var>${pdf}</var>
<arg>${row}[Order number]</arg>
<kw name="Get Element Attribute" library="RPA.Browser.Selenium">
<var>${order_receipt_html}</var>
<arg>//*[@id="receipt"]</arg>
<arg>outerHTML</arg>
<doc>Returns the value of ``attribute`` from the element ``locator``.</doc>
<msg timestamp="20230220 11:13:49.944" level="INFO">${order_receipt_html} = &lt;div id="receipt" class="alert alert-success" role="alert"&gt;&lt;h3&gt;Receipt&lt;/h3&gt;&lt;div&gt;2023-02-20T10:13:49.875Z&lt;/div&gt;&lt;p class="badge badge-success"&gt;RSB-ROBO-ORDER-Z54YZIE7MR&lt;/p&gt;&lt;p&gt;Address 789&lt;/p&gt;&lt;div id="par...</msg>
<status status="PASS" starttime="20230220 11:13:49.910" endtime="20230220 11:13:49.944"/>
</kw>
<kw name="Set Local Variable" library="BuiltIn">
<arg>${pdf_path}</arg>
<arg>${output}${/}receipts${/}${rowxx}.pdf</arg>
<doc>Makes a variable available everywhere within the local scope.</doc>
<msg timestamp="20230220 11:13:49.948" level="INFO">${pdf_path} = d:\WORK\ROBOcorp c2\output\receipts\3.pdf</msg>
<status status="PASS" starttime="20230220 11:13:49.945" endtime="20230220 11:13:49.949"/>
</kw>
<kw name="Html To Pdf" library="RPA.PDF">
<arg>content=${order_receipt_html}</arg>
<arg>output_path=${pdf_path}</arg>
<doc>Generate a PDF file from HTML content.</doc>
<msg timestamp="20230220 11:13:49.953" level="INFO">Writing output to file D:\WORK\ROBOcorp c2\output\receipts\3.pdf</msg>
<msg timestamp="20230220 11:13:50.316" level="INFO">maxp pruned</msg>
<msg timestamp="20230220 11:13:50.318" level="INFO">cmap pruned</msg>
<msg timestamp="20230220 11:13:50.318" level="INFO">post pruned</msg>
<msg timestamp="20230220 11:13:50.318" level="INFO">GDEF dropped</msg>
[...]
<msg timestamp="20230220 11:15:53.227" level="INFO">Closed glyph list over 'glyf': 18 glyphs after</msg>
<msg timestamp="20230220 11:15:53.227" level="INFO">Glyph names: ['.notdef', '.null', 'uni0020', 'uni0030', 'uni0031', 'uni0032', 'uni0033', 'uni0034', 'uni0035', 'uni0036', 'uni0037', 'uni0038', 'uni0039', 'uni0062', 'uni006E', 'uni007B', 'uni007D', 'uni00A0']</msg>
<msg timestamp="20230220 11:15:53.229" level="INFO">Glyph IDs:   [0, 1, 2, 3, 544, 727, 1256, 1257, 1258, 1260, 1261, 1262, 1264, 1265, 1266, 1267, 1307, 1308]</msg>
<msg timestamp="20230220 11:15:53.230" level="INFO">Retaining 18 glyphs</msg>
<msg timestamp="20230220 11:15:53.233" level="INFO">head subsetting not needed</msg>
<msg timestamp="20230220 11:15:53.233" level="INFO">hhea subsetting not needed</msg>
<msg timestamp="20230220 11:15:53.234" level="INFO">maxp subsetting not needed</msg>
<msg timestamp="20230220 11:15:53.235" level="INFO">OS/2 subsetting not needed</msg>
<msg timestamp="20230220 11:15:53.253" level="INFO">hmtx subsetted</msg>
<msg timestamp="20230220 11:15:53.257" level="INFO">cmap subsetted</msg>
<msg timestamp="20230220 11:15:53.257" level="INFO">loca subsetting not needed</msg>
<msg timestamp="20230220 11:15:53.259" level="INFO">post subsetted</msg>
<msg timestamp="20230220 11:15:53.259" level="INFO">name subsetting not needed</msg>
<msg timestamp="20230220 11:15:53.262" level="INFO">glyf subsetted</msg>
<msg timestamp="20230220 11:15:53.266" level="INFO">head pruned</msg>
<msg timestamp="20230220 11:15:53.267" level="INFO">OS/2 Unicode ranges pruned: [0]</msg>
<msg timestamp="20230220 11:15:53.268" level="INFO">glyf pruned</msg>
<status status="PASS" starttime="20230220 11:15:51.910" endtime="20230220 11:15:53.306"/>
</kw>
<return>
<value>${pdf_path}</value>
<status status="PASS" starttime="20230220 11:15:53.307" endtime="20230220 11:15:53.307"/>
</return>
<msg timestamp="20230220 11:15:53.309" level="INFO">${pdf} = d:\WORK\ROBOcorp c2\output\receipts\20.pdf</msg>
<status status="PASS" starttime="20230220 11:15:51.855" endtime="20230220 11:15:53.310"/>
</kw>
<kw name="Take a screenshot of the robot">
<var>${screenshot}</var>
<arg>${row}[Order number]</arg>
<kw name="Wait Until Element Is Visible" library="RPA.Browser.Selenium">
<arg>(//div[@id='robot-preview-image'])[1]</arg>
<doc>Waits until the element ``locator`` is visible.</doc>
<status status="PASS" starttime="20230220 11:15:53.313" endtime="20230220 11:15:53.373"/>
</kw>
<kw name="Set Local Variable" library="BuiltIn">
<arg>${Sc_path}</arg>
<arg>${output}${/}screenshots${/}${rowxx}.PNG</arg>
<doc>Makes a variable available everywhere within the local scope.</doc>
<msg timestamp="20230220 11:15:53.380" level="INFO">${Sc_path} = d:\WORK\ROBOcorp c2\output\screenshots\20.PNG</msg>
<status status="PASS" starttime="20230220 11:15:53.374" endtime="20230220 11:15:53.381"/>
</kw>
<kw name="Capture Element Screenshot" library="RPA.Browser.Selenium">
<arg>(//div[@id='robot-preview-image'])[1]</arg>
<arg>${Sc_path}</arg>
<doc>Captures a screenshot from the element identified by ``locator`` and embeds it into log file.</doc>
<msg timestamp="20230220 11:15:53.685" level="INFO" html="true">&lt;/td&gt;&lt;/tr&gt;&lt;tr&gt;&lt;td colspan="3"&gt;&lt;a href="file:///D:/WORK/ROBOcorp%20c2/output/screenshots/20.PNG"&gt;&lt;img src="file:///D:/WORK/ROBOcorp%20c2/output/screenshots/20.PNG" width="400px"&gt;&lt;/a&gt;</msg>
<status status="PASS" starttime="20230220 11:15:53.382" endtime="20230220 11:15:53.686"/>
</kw>
<return>
<value>${Sc_path}</value>
<status status="PASS" starttime="20230220 11:15:53.686" endtime="20230220 11:15:53.687"/>
</return>
<msg timestamp="20230220 11:15:53.688" level="INFO">${screenshot} = d:\WORK\ROBOcorp c2\output\screenshots\20.PNG</msg>
<status status="PASS" starttime="20230220 11:15:53.311" endtime="20230220 11:15:53.689"/>
</kw>
<kw name="Embed the robot screenshot to the receipt PDF file">
<arg>${screenshot}</arg>
<arg>${pdf}</arg>
<kw name="Add Watermark Image To Pdf" library="RPA.PDF">
<arg>${SC}</arg>
<arg>${PDF}</arg>
<arg>${PDF}</arg>
<doc>Add an image into an existing or new PDF.</doc>
<msg timestamp="20230220 11:15:53.791" level="WARN">Object 7 0 found</msg>
<msg timestamp="20230220 11:15:53.800" level="WARN">Overwriting cache for 0 7</msg>
<msg timestamp="20230220 11:15:53.814" level="WARN">Object 14 0 found</msg>
<msg timestamp="20230220 11:15:53.820" level="WARN">Overwriting cache for 0 14</msg>
<msg timestamp="20230220 11:15:53.848" level="WARN">Object 21 0 found</msg>
<msg timestamp="20230220 11:15:53.858" level="WARN">Overwriting cache for 0 21</msg>
<msg timestamp="20230220 11:15:53.879" level="WARN">Object 28 0 found</msg>
<msg timestamp="20230220 11:15:53.919" level="WARN">Overwriting cache for 0 28</msg>
<status status="PASS" starttime="20230220 11:15:53.691" endtime="20230220 11:15:53.989"/>
</kw>
<status status="PASS" starttime="20230220 11:15:53.689" endtime="20230220 11:15:53.991"/>
</kw>
<kw name="Go to order another robot">
<kw name="Click Button" library="RPA.Browser.Selenium">
<arg>//*[@id="order-another"]</arg>
<doc>Clicks the button identified by ``locator``.</doc>
<msg timestamp="20230220 11:15:54.001" level="INFO">Clicking button '//*[@id="order-another"]'.</msg>
<status status="PASS" starttime="20230220 11:15:54.000" endtime="20230220 11:15:54.438"/>
</kw>
<kw name="Sleep" library="BuiltIn">
<arg>1s</arg>
<doc>Pauses the test executed for the given time.</doc>
<msg timestamp="20230220 11:15:55.454" level="INFO">Slept 1 second</msg>
<status status="PASS" starttime="20230220 11:15:54.439" endtime="20230220 11:15:55.454"/>
</kw>
<status status="PASS" starttime="20230220 11:15:53.992" endtime="20230220 11:15:55.456"/>
</kw>
<status status="PASS" starttime="20230220 11:15:49.682" endtime="20230220 11:15:55.457"/>
</iter>
<status status="PASS" starttime="20230220 11:13:25.788" endtime="20230220 11:15:55.457"/>
</for>
<kw name="Create a ZIP file of the receipts">
<kw name="Archive Folder With Zip" library="RPA.Archive">
<arg>${output}${/}receipts</arg>
<arg>${zip_file}</arg>
<arg>recursive=True</arg>
<arg>include=*.pdf</arg>
<doc>Create a zip archive of a folder</doc>
<status status="PASS" starttime="20230220 11:15:55.460" endtime="20230220 11:15:55.870"/>
</kw>
<status status="PASS" starttime="20230220 11:15:55.459" endtime="20230220 11:15:55.871"/>
</kw>
<status status="PASS" starttime="20230220 11:13:13.628" endtime="20230220 11:15:55.887"/>
</test>
<doc>Orders robots from RobotSpareBin Industries Inc.
Saves the order HTML receipt as a PDF file.
Saves the screenshot of the ordered robot.
Embeds the screenshot of the robot to the PDF receipt.
Creates ZIP archive of the receipts and the images.
Author: https://github.com/a-mamlouk</doc>
<status status="PASS" starttime="20230220 11:12:57.738" endtime="20230220 11:15:55.930"/>
</suite>
<statistics>
<total>
<stat pass="1" fail="0" skip="0">All Tasks</stat>
</total>
<tag>
</tag>
<suite>
<stat pass="1" fail="0" skip="0" id="s1" name="Tasks">Tasks</stat>
</suite>
</statistics>
<errors>
<msg timestamp="20230220 11:13:33.040" level="WARN">Object 7 0 found</msg>
<msg timestamp="20230220 11:13:33.048" level="WARN">Overwriting cache for 0 7</msg>
<msg timestamp="20230220 11:13:33.060" level="WARN">Object 14 0 found</msg>
<msg timestamp="20230220 11:13:33.065" level="WARN">Overwriting cache for 0 14</msg>
<msg timestamp="20230220 11:13:33.087" level="WARN">Object 21 0 found</msg>
<msg timestamp="20230220 11:13:33.099" level="WARN">Overwriting cache for 0 21</msg>
<msg timestamp="20230220 11:13:33.192" level="WARN">Object 28 0 found</msg>
<msg timestamp="20230220 11:13:33.205" level="WARN">Overwriting cache for 0 28</msg>
<msg timestamp="20230220 11:13:39.887" level="WARN">Object 7 0 found</msg>
<msg timestamp="20230220 11:13:39.897" level="WARN">Overwriting cache for 0 7</msg>
<msg timestamp="20230220 11:13:39.911" level="WARN">Object 14 0 found</msg>
<msg timestamp="20230220 11:13:39.980" level="WARN">Overwriting cache for 0 14</msg>
<msg timestamp="20230220 11:13:40.079" level="WARN">Object 21 0 found</msg>
<msg timestamp="20230220 11:13:40.107" level="WARN">Overwriting cache for 0 21</msg>
<msg timestamp="20230220 11:13:40.116" level="WARN">Object 28 0 found</msg>
<msg timestamp="20230220 11:13:40.157" level="WARN">Overwriting cache for 0 28</msg>
<msg timestamp="20230220 11:13:51.792" level="WARN">Object 7 0 found</msg>
<msg timestamp="20230220 11:13:51.798" level="WARN">Overwriting cache for 0 7</msg>
<msg timestamp="20230220 11:13:51.811" level="WARN">Object 14 0 found</msg>
<msg timestamp="20230220 11:13:51.825" level="WARN">Overwriting cache for 0 14</msg>
<msg timestamp="20230220 11:13:51.846" level="WARN">Object 21 0 found</msg>
<msg timestamp="20230220 11:13:51.866" level="WARN">Overwriting cache for 0 21</msg>
<msg timestamp="20230220 11:13:51.884" level="WARN">Object 28 0 found</msg>
<msg timestamp="20230220 11:13:51.909" level="WARN">Overwriting cache for 0 28</msg>
<msg timestamp="20230220 11:14:07.082" level="WARN">Object 7 0 found</msg>
<msg timestamp="20230220 11:14:07.088" level="WARN">Overwriting cache for 0 7</msg>
<msg timestamp="20230220 11:14:07.099" level="WARN">Object 14 0 found</msg>
<msg timestamp="20230220 11:14:07.106" level="WARN">Overwriting cache for 0 14</msg>
<msg timestamp="20230220 11:14:07.113" level="WARN">Object 21 0 found</msg>
<msg timestamp="20230220 11:14:07.126" level="WARN">Overwriting cache for 0 21</msg>
<msg timestamp="20230220 11:14:07.143" level="WARN">Object 28 0 found</msg>
<msg timestamp="20230220 11:14:07.149" level="WARN">Overwriting cache for 0 28</msg>
<msg timestamp="20230220 11:14:13.155" level="WARN">Object 7 0 found</msg>
<msg timestamp="20230220 11:14:13.158" level="WARN">Overwriting cache for 0 7</msg>
<msg timestamp="20230220 11:14:13.172" level="WARN">Object 14 0 found</msg>
<msg timestamp="20230220 11:14:13.178" level="WARN">Overwriting cache for 0 14</msg>
<msg timestamp="20230220 11:14:13.188" level="WARN">Object 21 0 found</msg>
<msg timestamp="20230220 11:14:13.199" level="WARN">Overwriting cache for 0 21</msg>
<msg timestamp="20230220 11:14:13.214" level="WARN">Object 28 0 found</msg>
<msg timestamp="20230220 11:14:13.217" level="WARN">Overwriting cache for 0 28</msg>
<msg timestamp="20230220 11:14:18.973" level="WARN">Object 7 0 found</msg>
<msg timestamp="20230220 11:14:19.000" level="WARN">Overwriting cache for 0 7</msg>
<msg timestamp="20230220 11:14:19.019" level="WARN">Object 14 0 found</msg>
<msg timestamp="20230220 11:14:19.060" level="WARN">Overwriting cache for 0 14</msg>
<msg timestamp="20230220 11:14:19.092" level="WARN">Object 21 0 found</msg>
<msg timestamp="20230220 11:14:19.106" level="WARN">Overwriting cache for 0 21</msg>
<msg timestamp="20230220 11:14:19.121" level="WARN">Object 28 0 found</msg>
<msg timestamp="20230220 11:14:19.155" level="WARN">Overwriting cache for 0 28</msg>
<msg timestamp="20230220 11:14:26.813" level="WARN">Object 7 0 found</msg>
<msg timestamp="20230220 11:14:26.820" level="WARN">Overwriting cache for 0 7</msg>
<msg timestamp="20230220 11:14:26.860" level="WARN">Object 14 0 found</msg>
<msg timestamp="20230220 11:14:26.934" level="WARN">Overwriting cache for 0 14</msg>
<msg timestamp="20230220 11:14:26.982" level="WARN">Object 21 0 found</msg>
<msg timestamp="20230220 11:14:27.019" level="WARN">Overwriting cache for 0 21</msg>
<msg timestamp="20230220 11:14:27.034" level="WARN">Object 28 0 found</msg>
<msg timestamp="20230220 11:14:27.050" level="WARN">Overwriting cache for 0 28</msg>
<msg timestamp="20230220 11:14:36.210" level="WARN">Object 7 0 found</msg>
<msg timestamp="20230220 11:14:36.346" level="WARN">Overwriting cache for 0 7</msg>
<msg timestamp="20230220 11:14:36.431" level="WARN">Object 14 0 found</msg>
<msg timestamp="20230220 11:14:36.459" level="WARN">Overwriting cache for 0 14</msg>
<msg timestamp="20230220 11:14:36.492" level="WARN">Object 21 0 found</msg>
<msg timestamp="20230220 11:14:36.503" level="WARN">Overwriting cache for 0 21</msg>
<msg timestamp="20230220 11:14:36.527" level="WARN">Object 28 0 found</msg>
<msg timestamp="20230220 11:14:36.539" level="WARN">Overwriting cache for 0 28</msg>
<msg timestamp="20230220 11:14:41.597" level="WARN">Object 7 0 found</msg>
<msg timestamp="20230220 11:14:41.600" level="WARN">Overwriting cache for 0 7</msg>
<msg timestamp="20230220 11:14:41.613" level="WARN">Object 14 0 found</msg>
<msg timestamp="20230220 11:14:41.635" level="WARN">Overwriting cache for 0 14</msg>
<msg timestamp="20230220 11:14:41.684" level="WARN">Object 21 0 found</msg>
<msg timestamp="20230220 11:14:41.766" level="WARN">Overwriting cache for 0 21</msg>
<msg timestamp="20230220 11:14:41.851" level="WARN">Object 28 0 found</msg>
<msg timestamp="20230220 11:14:41.877" level="WARN">Overwriting cache for 0 28</msg>
<msg timestamp="20230220 11:14:48.538" level="WARN">Object 7 0 found</msg>
<msg timestamp="20230220 11:14:48.818" level="WARN">Overwriting cache for 0 7</msg>
<msg timestamp="20230220 11:14:48.826" level="WARN">Object 14 0 found</msg>
<msg timestamp="20230220 11:14:48.891" level="WARN">Overwriting cache for 0 14</msg>
<msg timestamp="20230220 11:14:48.925" level="WARN">Object 21 0 found</msg>
<msg timestamp="20230220 11:14:48.958" level="WARN">Overwriting cache for 0 21</msg>
<msg timestamp="20230220 11:14:49.102" level="WARN">Object 28 0 found</msg>
<msg timestamp="20230220 11:14:49.281" level="WARN">Overwriting cache for 0 28</msg>
<msg timestamp="20230220 11:14:54.259" level="WARN">Object 7 0 found</msg>
<msg timestamp="20230220 11:14:54.262" level="WARN">Overwriting cache for 0 7</msg>
<msg timestamp="20230220 11:14:54.280" level="WARN">Object 14 0 found</msg>
<msg timestamp="20230220 11:14:54.282" level="WARN">Overwriting cache for 0 14</msg>
<msg timestamp="20230220 11:14:54.319" level="WARN">Object 21 0 found</msg>
<msg timestamp="20230220 11:14:54.362" level="WARN">Overwriting cache for 0 21</msg>
<msg timestamp="20230220 11:14:54.389" level="WARN">Object 28 0 found</msg>
<msg timestamp="20230220 11:14:54.563" level="WARN">Overwriting cache for 0 28</msg>
<msg timestamp="20230220 11:15:02.205" level="WARN">Object 7 0 found</msg>
<msg timestamp="20230220 11:15:02.220" level="WARN">Overwriting cache for 0 7</msg>
<msg timestamp="20230220 11:15:02.237" level="WARN">Object 14 0 found</msg>
<msg timestamp="20230220 11:15:02.263" level="WARN">Overwriting cache for 0 14</msg>
<msg timestamp="20230220 11:15:02.284" level="WARN">Object 21 0 found</msg>
<msg timestamp="20230220 11:15:02.302" level="WARN">Overwriting cache for 0 21</msg>
<msg timestamp="20230220 11:15:02.320" level="WARN">Object 28 0 found</msg>
<msg timestamp="20230220 11:15:02.332" level="WARN">Overwriting cache for 0 28</msg>
<msg timestamp="20230220 11:15:07.349" level="WARN">Object 7 0 found</msg>
<msg timestamp="20230220 11:15:07.493" level="WARN">Overwriting cache for 0 7</msg>
<msg timestamp="20230220 11:15:07.548" level="WARN">Object 14 0 found</msg>
<msg timestamp="20230220 11:15:07.551" level="WARN">Overwriting cache for 0 14</msg>
<msg timestamp="20230220 11:15:07.560" level="WARN">Object 21 0 found</msg>
<msg timestamp="20230220 11:15:07.583" level="WARN">Overwriting cache for 0 21</msg>
<msg timestamp="20230220 11:15:07.606" level="WARN">Object 28 0 found</msg>
<msg timestamp="20230220 11:15:07.656" level="WARN">Overwriting cache for 0 28</msg>
<msg timestamp="20230220 11:15:12.773" level="WARN">Object 7 0 found</msg>
<msg timestamp="20230220 11:15:13.355" level="WARN">Overwriting cache for 0 7</msg>
<msg timestamp="20230220 11:15:13.512" level="WARN">Object 14 0 found</msg>
<msg timestamp="20230220 11:15:13.890" level="WARN">Overwriting cache for 0 14</msg>
<msg timestamp="20230220 11:15:14.168" level="WARN">Object 21 0 found</msg>
<msg timestamp="20230220 11:15:14.193" level="WARN">Overwriting cache for 0 21</msg>
<msg timestamp="20230220 11:15:14.208" level="WARN">Object 28 0 found</msg>
<msg timestamp="20230220 11:15:14.218" level="WARN">Overwriting cache for 0 28</msg>
<msg timestamp="20230220 11:15:19.526" level="WARN">Object 7 0 found</msg>
<msg timestamp="20230220 11:15:19.530" level="WARN">Overwriting cache for 0 7</msg>
<msg timestamp="20230220 11:15:19.546" level="WARN">Object 14 0 found</msg>
<msg timestamp="20230220 11:15:19.552" level="WARN">Overwriting cache for 0 14</msg>
<msg timestamp="20230220 11:15:19.571" level="WARN">Object 21 0 found</msg>
<msg timestamp="20230220 11:15:19.583" level="WARN">Overwriting cache for 0 21</msg>
<msg timestamp="20230220 11:15:19.604" level="WARN">Object 28 0 found</msg>
<msg timestamp="20230220 11:15:19.612" level="WARN">Overwriting cache for 0 28</msg>
<msg timestamp="20230220 11:15:25.603" level="WARN">Object 7 0 found</msg>
<msg timestamp="20230220 11:15:25.816" level="WARN">Overwriting cache for 0 7</msg>
<msg timestamp="20230220 11:15:26.104" level="WARN">Object 14 0 found</msg>
<msg timestamp="20230220 11:15:26.362" level="WARN">Overwriting cache for 0 14</msg>
<msg timestamp="20230220 11:15:26.372" level="WARN">Object 21 0 found</msg>
<msg timestamp="20230220 11:15:26.375" level="WARN">Overwriting cache for 0 21</msg>
<msg timestamp="20230220 11:15:26.470" level="WARN">Object 28 0 found</msg>
<msg timestamp="20230220 11:15:26.605" level="WARN">Overwriting cache for 0 28</msg>
<msg timestamp="20230220 11:15:32.496" level="WARN">Object 7 0 found</msg>
<msg timestamp="20230220 11:15:32.569" level="WARN">Overwriting cache for 0 7</msg>
<msg timestamp="20230220 11:15:32.616" level="WARN">Object 14 0 found</msg>
<msg timestamp="20230220 11:15:32.728" level="WARN">Overwriting cache for 0 14</msg>
<msg timestamp="20230220 11:15:32.744" level="WARN">Object 21 0 found</msg>
<msg timestamp="20230220 11:15:32.759" level="WARN">Overwriting cache for 0 21</msg>
<msg timestamp="20230220 11:15:32.780" level="WARN">Object 28 0 found</msg>
<msg timestamp="20230220 11:15:32.803" level="WARN">Overwriting cache for 0 28</msg>
<msg timestamp="20230220 11:15:40.386" level="WARN">Object 7 0 found</msg>
<msg timestamp="20230220 11:15:40.389" level="WARN">Overwriting cache for 0 7</msg>
<msg timestamp="20230220 11:15:40.407" level="WARN">Object 14 0 found</msg>
<msg timestamp="20230220 11:15:40.436" level="WARN">Overwriting cache for 0 14</msg>
<msg timestamp="20230220 11:15:40.450" level="WARN">Object 21 0 found</msg>
<msg timestamp="20230220 11:15:40.458" level="WARN">Overwriting cache for 0 21</msg>
<msg timestamp="20230220 11:15:40.493" level="WARN">Object 28 0 found</msg>
<msg timestamp="20230220 11:15:40.511" level="WARN">Overwriting cache for 0 28</msg>
<msg timestamp="20230220 11:15:47.546" level="WARN">Object 7 0 found</msg>
<msg timestamp="20230220 11:15:47.550" level="WARN">Overwriting cache for 0 7</msg>
<msg timestamp="20230220 11:15:47.573" level="WARN">Object 14 0 found</msg>
<msg timestamp="20230220 11:15:47.591" level="WARN">Overwriting cache for 0 14</msg>
<msg timestamp="20230220 11:15:47.659" level="WARN">Object 21 0 found</msg>
<msg timestamp="20230220 11:15:47.829" level="WARN">Overwriting cache for 0 21</msg>
<msg timestamp="20230220 11:15:47.847" level="WARN">Object 28 0 found</msg>
<msg timestamp="20230220 11:15:47.856" level="WARN">Overwriting cache for 0 28</msg>
<msg timestamp="20230220 11:15:53.791" level="WARN">Object 7 0 found</msg>
<msg timestamp="20230220 11:15:53.800" level="WARN">Overwriting cache for 0 7</msg>
<msg timestamp="20230220 11:15:53.814" level="WARN">Object 14 0 found</msg>
<msg timestamp="20230220 11:15:53.820" level="WARN">Overwriting cache for 0 14</msg>
<msg timestamp="20230220 11:15:53.848" level="WARN">Object 21 0 found</msg>
<msg timestamp="20230220 11:15:53.858" level="WARN">Overwriting cache for 0 21</msg>
<msg timestamp="20230220 11:15:53.879" level="WARN">Object 28 0 found</msg>
<msg timestamp="20230220 11:15:53.919" level="WARN">Overwriting cache for 0 28</msg>
</errors>
</robot>
